2025-08-09 16:55:52 [32minfo[39m: ✅ Connected to PostgreSQL at Sat Aug 09 2025 16:55:52 GMT+0530 (India Standard Time)
2025-08-09 16:55:52 [32minfo[39m: 🚀 Server running on port 5000
2025-08-09 16:56:18      Incoming Request: GET /api/ping
2025-08-09 16:59:43 [32minfo[39m: ✅ Connected to PostgreSQL at Sat Aug 09 2025 16:59:43 GMT+0530 (India Standard Time)
2025-08-09 16:59:43 [32minfo[39m: 🚀 Server running on port 5000
2025-08-09 17:00:12 [32minfo[39m: GET /api/ping 200 - 3.79ms - IP: ::1
2025-08-09 23:21:29 [32minfo[39m: ✅ Connected to PostgreSQL at Sat Aug 09 2025 23:21:29 GMT+0530 (India Standard Time)
2025-08-09 23:21:29 [32minfo[39m: 🚀 Server running on port 5000
2025-08-10 00:27:46 [32minfo[39m: ✅ Connected to PostgreSQL at Sun Aug 10 2025 00:27:46 GMT+0530 (India Standard Time)
2025-08-10 00:27:46 [32minfo[39m: 🚀 Server running on port 5000
2025-08-10 00:27:55 [32minfo[39m: ✅ Connected to PostgreSQL at Sun Aug 10 2025 00:27:55 GMT+0530 (India Standard Time)
2025-08-10 00:27:55 [32minfo[39m: 🚀 Server running on port 5000
2025-08-10 00:28:31 [32minfo[39m: ✅ Connected to PostgreSQL at Sun Aug 10 2025 00:28:31 GMT+0530 (India Standard Time)
2025-08-10 00:28:31 [32minfo[39m: 🚀 Server running on port 5000
2025-08-10 00:28:32 [32minfo[39m: ✅ Connected to PostgreSQL at Sun Aug 10 2025 00:28:32 GMT+0530 (India Standard Time)
2025-08-10 00:28:33 [32minfo[39m: 🚀 Server running on port 5000
2025-08-10 00:28:55 [32minfo[39m: ✅ Connected to PostgreSQL at Sun Aug 10 2025 00:28:55 GMT+0530 (India Standard Time)
2025-08-10 00:28:55 [32minfo[39m: 🚀 Server running on port 5000
2025-08-10 00:29:43 [32minfo[39m: ✅ Connected to PostgreSQL at Sun Aug 10 2025 00:29:43 GMT+0530 (India Standard Time)
2025-08-10 00:29:43 [32minfo[39m: 🚀 Server running on port 5000
2025-08-10 00:30:34 [32minfo[39m: ✅ Connected to PostgreSQL at Sun Aug 10 2025 00:30:34 GMT+0530 (India Standard Time)
2025-08-10 00:30:34 [32minfo[39m: 🚀 Server running on port 5000
2025-08-10 00:30:38 [32minfo[39m: ✅ Connected to PostgreSQL at Sun Aug 10 2025 00:30:38 GMT+0530 (India Standard Time)
2025-08-10 00:30:38 [32minfo[39m: 🚀 Server running on port 5000
2025-08-10 00:30:45 [32minfo[39m: ✅ Connected to PostgreSQL at Sun Aug 10 2025 00:30:45 GMT+0530 (India Standard Time)
2025-08-10 00:30:45 [32minfo[39m: 🚀 Server running on port 5000
2025-08-10 00:31:42 [32minfo[39m: ✅ Connected to PostgreSQL at Sun Aug 10 2025 00:31:42 GMT+0530 (India Standard Time)
2025-08-10 00:31:42 [32minfo[39m: 🚀 Server running on port 5000
2025-08-10 00:31:44 [32minfo[39m: ✅ Connected to PostgreSQL at Sun Aug 10 2025 00:31:44 GMT+0530 (India Standard Time)
2025-08-10 00:31:44 [32minfo[39m: 🚀 Server running on port 5000
2025-08-10 00:31:46 [32minfo[39m: ✅ Connected to PostgreSQL at Sun Aug 10 2025 00:31:46 GMT+0530 (India Standard Time)
2025-08-10 00:31:46 [32minfo[39m: 🚀 Server running on port 5000
2025-08-10 00:31:52 [32minfo[39m: ✅ Connected to PostgreSQL at Sun Aug 10 2025 00:31:52 GMT+0530 (India Standard Time)
2025-08-10 00:31:52 [32minfo[39m: 🚀 Server running on port 5000
2025-08-10 00:31:55 [32minfo[39m: ✅ Connected to PostgreSQL at Sun Aug 10 2025 00:31:55 GMT+0530 (India Standard Time)
2025-08-10 00:31:55 [32minfo[39m: 🚀 Server running on port 5000
2025-08-10 01:26:05 [32minfo[39m: ✅ Connected to PostgreSQL at Sun Aug 10 2025 01:26:04 GMT+0530 (India Standard Time)
2025-08-10 01:26:05 [32minfo[39m: 🚀 Server running on port 5000
2025-08-10 13:31:30 [32minfo[39m: ✅ Connected to PostgreSQL at Sun Aug 10 2025 13:31:30 GMT+0530 (India Standard Time)
2025-08-10 13:31:30 [32minfo[39m: 🚀 Server running on port 5000
2025-08-10 13:31:41 [32minfo[39m: GET /api/ping 200 - 6.42ms - IP: ::1
2025-08-10 13:37:07 [32minfo[39m: GET /api/auth/register 404 - 2.52ms - IP: ::1
2025-08-10 13:37:34 [32minfo[39m: GET /api/ping 200 - 1.21ms - IP: ::1
2025-08-10 13:39:29 [32minfo[39m: GET /api/auth/register 404 - 1.18ms - IP: ::1
2025-08-10 13:40:18 [32minfo[39m: POST /api/auth/register 500 - 13.16ms - IP: ::1
2025-08-10 13:47:12 [32minfo[39m: ✅ Connected to PostgreSQL at Sun Aug 10 2025 13:47:12 GMT+0530 (India Standard Time)
2025-08-10 13:47:12 [32minfo[39m: 🚀 Server running on port 5000
2025-08-10 13:47:13 [32minfo[39m: ✅ Connected to PostgreSQL at Sun Aug 10 2025 13:47:13 GMT+0530 (India Standard Time)
2025-08-10 13:47:13 [32minfo[39m: 🚀 Server running on port 5000
2025-08-10 13:47:15 [32minfo[39m: ✅ Connected to PostgreSQL at Sun Aug 10 2025 13:47:15 GMT+0530 (India Standard Time)
2025-08-10 13:47:15 [32minfo[39m: 🚀 Server running on port 5000
2025-08-10 13:47:19 [32minfo[39m: ✅ Connected to PostgreSQL at Sun Aug 10 2025 13:47:19 GMT+0530 (India Standard Time)
2025-08-10 13:47:19 [32minfo[39m: 🚀 Server running on port 5000
2025-08-10 13:47:25 [32minfo[39m: ✅ Connected to PostgreSQL at Sun Aug 10 2025 13:47:25 GMT+0530 (India Standard Time)
2025-08-10 13:47:25 [32minfo[39m: 🚀 Server running on port 5000
2025-08-10 13:47:27 [32minfo[39m: ✅ Connected to PostgreSQL at Sun Aug 10 2025 13:47:27 GMT+0530 (India Standard Time)
2025-08-10 13:47:27 [32minfo[39m: 🚀 Server running on port 5000
2025-08-10 13:47:29 [32minfo[39m: ✅ Connected to PostgreSQL at Sun Aug 10 2025 13:47:29 GMT+0530 (India Standard Time)
2025-08-10 13:47:29 [32minfo[39m: 🚀 Server running on port 5000
2025-08-10 13:47:35 [32minfo[39m: ✅ Connected to PostgreSQL at Sun Aug 10 2025 13:47:35 GMT+0530 (India Standard Time)
2025-08-10 13:47:35 [32minfo[39m: 🚀 Server running on port 5000
2025-08-10 13:47:47 [32minfo[39m: ✅ Connected to PostgreSQL at Sun Aug 10 2025 13:47:47 GMT+0530 (India Standard Time)
2025-08-10 13:47:47 [32minfo[39m: 🚀 Server running on port 5000
2025-08-10 13:47:49 [32minfo[39m: ✅ Connected to PostgreSQL at Sun Aug 10 2025 13:47:49 GMT+0530 (India Standard Time)
2025-08-10 13:47:49 [32minfo[39m: 🚀 Server running on port 5000
2025-08-10 13:47:52 [32minfo[39m: ✅ Connected to PostgreSQL at Sun Aug 10 2025 13:47:52 GMT+0530 (India Standard Time)
2025-08-10 13:47:52 [32minfo[39m: 🚀 Server running on port 5000
2025-08-10 13:47:54 [32minfo[39m: ✅ Connected to PostgreSQL at Sun Aug 10 2025 13:47:54 GMT+0530 (India Standard Time)
2025-08-10 13:47:54 [32minfo[39m: 🚀 Server running on port 5000
2025-08-10 13:48:00 [32minfo[39m: ✅ Connected to PostgreSQL at Sun Aug 10 2025 13:48:00 GMT+0530 (India Standard Time)
2025-08-10 13:48:00 [32minfo[39m: 🚀 Server running on port 5000
2025-08-10 13:48:06 [32minfo[39m: ✅ Connected to PostgreSQL at Sun Aug 10 2025 13:48:06 GMT+0530 (India Standard Time)
2025-08-10 13:48:06 [32minfo[39m: 🚀 Server running on port 5000
2025-08-10 13:48:14 [32minfo[39m: ✅ Connected to PostgreSQL at Sun Aug 10 2025 13:48:14 GMT+0530 (India Standard Time)
2025-08-10 13:48:14 [32minfo[39m: 🚀 Server running on port 5000
2025-08-10 13:48:22 [32minfo[39m: ✅ Connected to PostgreSQL at Sun Aug 10 2025 13:48:22 GMT+0530 (India Standard Time)
2025-08-10 13:48:22 [32minfo[39m: 🚀 Server running on port 5000
2025-08-10 13:48:27 [32minfo[39m: ✅ Connected to PostgreSQL at Sun Aug 10 2025 13:48:27 GMT+0530 (India Standard Time)
2025-08-10 13:48:27 [32minfo[39m: 🚀 Server running on port 5000
2025-08-10 13:48:34 [32minfo[39m: POST /api/auth/register 500 - 10.59ms - IP: ::1
2025-08-10 13:48:36 [32minfo[39m: POST /api/auth/register 500 - 3.04ms - IP: ::1
2025-08-10 13:49:17 [32minfo[39m: ✅ Connected to PostgreSQL at Sun Aug 10 2025 13:49:17 GMT+0530 (India Standard Time)
2025-08-10 13:49:17 [32minfo[39m: 🚀 Server running on port 5000
2025-08-10 13:50:01 [32minfo[39m: ✅ Connected to PostgreSQL at Sun Aug 10 2025 13:50:01 GMT+0530 (India Standard Time)
2025-08-10 13:50:01 [32minfo[39m: 🚀 Server running on port 5000
2025-08-10 13:51:19 [32minfo[39m: ✅ Connected to PostgreSQL at Sun Aug 10 2025 13:51:19 GMT+0530 (India Standard Time)
2025-08-10 13:51:19 [32minfo[39m: 🚀 Server running on port 5000
2025-08-10 13:52:26 [32minfo[39m: ✅ Connected to PostgreSQL at Sun Aug 10 2025 13:52:26 GMT+0530 (India Standard Time)
2025-08-10 13:52:26 [32minfo[39m: 🚀 Server running on port 5000
2025-08-10 13:52:43 [32minfo[39m: ✅ Connected to PostgreSQL at Sun Aug 10 2025 13:52:43 GMT+0530 (India Standard Time)
2025-08-10 13:52:43 [32minfo[39m: 🚀 Server running on port 5000
2025-08-10 13:53:56 [32minfo[39m: ✅ Connected to PostgreSQL at Sun Aug 10 2025 13:53:56 GMT+0530 (India Standard Time)
2025-08-10 13:53:56 [32minfo[39m: 🚀 Server running on port 5000
2025-08-10 13:54:05 [32minfo[39m: ✅ Connected to PostgreSQL at Sun Aug 10 2025 13:54:05 GMT+0530 (India Standard Time)
2025-08-10 13:54:05 [32minfo[39m: 🚀 Server running on port 5000
2025-08-10 13:54:27 [32minfo[39m: ✅ Connected to PostgreSQL at Sun Aug 10 2025 13:54:27 GMT+0530 (India Standard Time)
2025-08-10 13:54:27 [32minfo[39m: 🚀 Server running on port 5000
2025-08-10 13:54:39 [32minfo[39m: ✅ Connected to PostgreSQL at Sun Aug 10 2025 13:54:39 GMT+0530 (India Standard Time)
2025-08-10 13:54:39 [32minfo[39m: 🚀 Server running on port 5000
2025-08-10 13:55:01 [32minfo[39m: ✅ Connected to PostgreSQL at Sun Aug 10 2025 13:55:01 GMT+0530 (India Standard Time)
2025-08-10 13:55:01 [32minfo[39m: 🚀 Server running on port 5000
2025-08-10 13:55:37 [32minfo[39m: ✅ Connected to PostgreSQL at Sun Aug 10 2025 13:55:37 GMT+0530 (India Standard Time)
2025-08-10 13:55:37 [32minfo[39m: 🚀 Server running on port 5000
2025-08-10 13:55:40 [32minfo[39m: ✅ Connected to PostgreSQL at Sun Aug 10 2025 13:55:40 GMT+0530 (India Standard Time)
2025-08-10 13:55:40 [32minfo[39m: 🚀 Server running on port 5000
2025-08-10 13:55:42 [32minfo[39m: ✅ Connected to PostgreSQL at Sun Aug 10 2025 13:55:42 GMT+0530 (India Standard Time)
2025-08-10 13:55:42 [32minfo[39m: 🚀 Server running on port 5000
2025-08-10 13:55:55 [32minfo[39m: ✅ Connected to PostgreSQL at Sun Aug 10 2025 13:55:55 GMT+0530 (India Standard Time)
2025-08-10 13:55:55 [32minfo[39m: 🚀 Server running on port 5000
2025-08-10 13:56:29 [32minfo[39m: GET /api/auth/users 500 - 9.60ms - IP: ::1
2025-08-10 13:56:33 [32minfo[39m: GET /api/auth/users 500 - 1.58ms - IP: ::1
2025-08-10 13:57:08 [32minfo[39m: ✅ Connected to PostgreSQL at Sun Aug 10 2025 13:57:08 GMT+0530 (India Standard Time)
2025-08-10 13:57:08 [32minfo[39m: 🚀 Server running on port 5000
2025-08-10 13:57:12 [32minfo[39m: ✅ Connected to PostgreSQL at Sun Aug 10 2025 13:57:12 GMT+0530 (India Standard Time)
2025-08-10 13:57:12 [32minfo[39m: 🚀 Server running on port 5000
2025-08-10 13:57:19 [32minfo[39m: GET /api/auth/users 500 - 9.57ms - IP: ::1
2025-08-10 13:57:21 [32minfo[39m: GET /api/auth/users 500 - 2.11ms - IP: ::1
2025-08-10 13:57:47 [32minfo[39m: ✅ Connected to PostgreSQL at Sun Aug 10 2025 13:57:47 GMT+0530 (India Standard Time)
2025-08-10 13:57:47 [32minfo[39m: 🚀 Server running on port 5000
2025-08-10 13:57:48 [32minfo[39m: ✅ Connected to PostgreSQL at Sun Aug 10 2025 13:57:48 GMT+0530 (India Standard Time)
2025-08-10 13:57:48 [32minfo[39m: 🚀 Server running on port 5000
2025-08-10 13:57:50 [32minfo[39m: GET /api/auth/users 500 - 6.84ms - IP: ::1
2025-08-10 13:58:20 [32minfo[39m: ✅ Connected to PostgreSQL at Sun Aug 10 2025 13:58:20 GMT+0530 (India Standard Time)
2025-08-10 13:58:20 [32minfo[39m: 🚀 Server running on port 5000
2025-08-10 13:58:22 [32minfo[39m: ✅ Connected to PostgreSQL at Sun Aug 10 2025 13:58:22 GMT+0530 (India Standard Time)
2025-08-10 13:58:22 [32minfo[39m: 🚀 Server running on port 5000
2025-08-10 13:58:28 [32minfo[39m: ✅ Connected to PostgreSQL at Sun Aug 10 2025 13:58:28 GMT+0530 (India Standard Time)
2025-08-10 13:58:28 [32minfo[39m: 🚀 Server running on port 5000
2025-08-10 13:58:33 [32minfo[39m: ✅ Connected to PostgreSQL at Sun Aug 10 2025 13:58:33 GMT+0530 (India Standard Time)
2025-08-10 13:58:33 [32minfo[39m: 🚀 Server running on port 5000
2025-08-10 13:58:36 [32minfo[39m: ✅ Connected to PostgreSQL at Sun Aug 10 2025 13:58:36 GMT+0530 (India Standard Time)
2025-08-10 13:58:36 [32minfo[39m: 🚀 Server running on port 5000
2025-08-10 13:58:55 [32minfo[39m: ✅ Connected to PostgreSQL at Sun Aug 10 2025 13:58:55 GMT+0530 (India Standard Time)
2025-08-10 13:58:55 [32minfo[39m: 🚀 Server running on port 5000
2025-08-10 13:59:07 [32minfo[39m: ✅ Connected to PostgreSQL at Sun Aug 10 2025 13:59:07 GMT+0530 (India Standard Time)
2025-08-10 13:59:07 [32minfo[39m: 🚀 Server running on port 5000
2025-08-10 13:59:27 [32minfo[39m: ✅ Connected to PostgreSQL at Sun Aug 10 2025 13:59:27 GMT+0530 (India Standard Time)
2025-08-10 13:59:27 [32minfo[39m: 🚀 Server running on port 5000
2025-08-10 14:00:02 [32minfo[39m: ✅ Connected to PostgreSQL at Sun Aug 10 2025 14:00:02 GMT+0530 (India Standard Time)
2025-08-10 14:00:02 [32minfo[39m: 🚀 Server running on port 5000
2025-08-10 14:00:04 [32minfo[39m: ✅ Connected to PostgreSQL at Sun Aug 10 2025 14:00:04 GMT+0530 (India Standard Time)
2025-08-10 14:00:04 [32minfo[39m: 🚀 Server running on port 5000
2025-08-10 14:00:09 [32minfo[39m: ✅ Connected to PostgreSQL at Sun Aug 10 2025 14:00:09 GMT+0530 (India Standard Time)
2025-08-10 14:00:09 [32minfo[39m: 🚀 Server running on port 5000
2025-08-10 14:00:12 [32minfo[39m: GET /api/auth/users 500 - 6.94ms - IP: ::1
2025-08-10 14:00:14 [32minfo[39m: GET /api/auth/users 500 - 3.50ms - IP: ::1
2025-08-10 14:00:16 [32minfo[39m: GET /api/auth/users 500 - 2.07ms - IP: ::1
2025-08-10 14:03:12 [32minfo[39m: ✅ Connected to PostgreSQL at Sun Aug 10 2025 14:03:12 GMT+0530 (India Standard Time)
2025-08-10 14:03:12 [32minfo[39m: 🚀 Server running on port 5000
2025-08-10 14:03:19 [32minfo[39m: ✅ Connected to PostgreSQL at Sun Aug 10 2025 14:03:19 GMT+0530 (India Standard Time)
2025-08-10 14:03:19 [32minfo[39m: 🚀 Server running on port 5000
2025-08-10 14:03:36 [32minfo[39m: ✅ Connected to PostgreSQL at Sun Aug 10 2025 14:03:36 GMT+0530 (India Standard Time)
2025-08-10 14:03:36 [32minfo[39m: 🚀 Server running on port 5000
2025-08-10 14:03:50 [32minfo[39m: ✅ Connected to PostgreSQL at Sun Aug 10 2025 14:03:50 GMT+0530 (India Standard Time)
2025-08-10 14:03:50 [32minfo[39m: 🚀 Server running on port 5000
2025-08-10 14:03:52 [32minfo[39m: ✅ Connected to PostgreSQL at Sun Aug 10 2025 14:03:52 GMT+0530 (India Standard Time)
2025-08-10 14:03:52 [32minfo[39m: 🚀 Server running on port 5000
2025-08-10 14:04:03 [32minfo[39m: GET /api/auth/users 500 - 12.32ms - IP: ::1
2025-08-10 14:06:10 [32minfo[39m: ✅ Connected to PostgreSQL at Sun Aug 10 2025 14:06:10 GMT+0530 (India Standard Time)
2025-08-10 14:06:10 [32minfo[39m: 🚀 Server running on port 5000
2025-08-10 14:06:42 [32minfo[39m: ✅ Connected to PostgreSQL at Sun Aug 10 2025 14:06:42 GMT+0530 (India Standard Time)
2025-08-10 14:06:42 [32minfo[39m: 🚀 Server running on port 5000
2025-08-10 14:06:57 [32minfo[39m: ✅ Connected to PostgreSQL at Sun Aug 10 2025 14:06:57 GMT+0530 (India Standard Time)
2025-08-10 14:06:57 [32minfo[39m: 🚀 Server running on port 5000
2025-08-10 14:07:09 [32minfo[39m: ✅ Connected to PostgreSQL at Sun Aug 10 2025 14:07:09 GMT+0530 (India Standard Time)
2025-08-10 14:07:09 [32minfo[39m: 🚀 Server running on port 5000
2025-08-10 14:07:12 [32minfo[39m: GET /api/auth/users 500 - 7.74ms - IP: ::1
2025-08-10 14:07:13 [32minfo[39m: GET /api/auth/users 500 - 4.18ms - IP: ::1
2025-08-10 14:07:46 [32minfo[39m: ✅ Connected to PostgreSQL at Sun Aug 10 2025 14:07:46 GMT+0530 (India Standard Time)
2025-08-10 14:07:46 [32minfo[39m: 🚀 Server running on port 5000
2025-08-10 14:07:53 [32minfo[39m: ✅ Connected to PostgreSQL at Sun Aug 10 2025 14:07:53 GMT+0530 (India Standard Time)
2025-08-10 14:07:53 [32minfo[39m: 🚀 Server running on port 5000
2025-08-10 14:07:56 [32minfo[39m: ✅ Connected to PostgreSQL at Sun Aug 10 2025 14:07:56 GMT+0530 (India Standard Time)
2025-08-10 14:07:56 [32minfo[39m: 🚀 Server running on port 5000
2025-08-10 14:08:00 [32minfo[39m: GET /api/auth/users 500 - 9.59ms - IP: ::1
2025-08-10 14:08:53 [32minfo[39m: ✅ Connected to PostgreSQL at Sun Aug 10 2025 14:08:53 GMT+0530 (India Standard Time)
2025-08-10 14:08:53 [32minfo[39m: 🚀 Server running on port 5000
2025-08-10 14:08:55 [32minfo[39m: ✅ Connected to PostgreSQL at Sun Aug 10 2025 14:08:55 GMT+0530 (India Standard Time)
2025-08-10 14:08:55 [32minfo[39m: 🚀 Server running on port 5000
2025-08-10 14:09:00 [32minfo[39m: ✅ Connected to PostgreSQL at Sun Aug 10 2025 14:09:00 GMT+0530 (India Standard Time)
2025-08-10 14:09:00 [32minfo[39m: 🚀 Server running on port 5000
2025-08-10 14:09:03 [32minfo[39m: ✅ Connected to PostgreSQL at Sun Aug 10 2025 14:09:03 GMT+0530 (India Standard Time)
2025-08-10 14:09:03 [32minfo[39m: 🚀 Server running on port 5000
2025-08-10 14:09:06 [32minfo[39m: GET /api/auth/users 500 - 8.94ms - IP: ::1
2025-08-10 14:11:05 [32minfo[39m: ✅ Connected to PostgreSQL at Sun Aug 10 2025 14:11:05 GMT+0530 (India Standard Time)
2025-08-10 14:11:05 [32minfo[39m: 🚀 Server running on port 5000
2025-08-10 14:11:41 [32minfo[39m: GET /api/auth/users 200 - 105.70ms - IP: ::1
2025-08-10 14:13:12 [32minfo[39m: ✅ Connected to PostgreSQL at Sun Aug 10 2025 14:13:12 GMT+0530 (India Standard Time)
2025-08-10 14:13:12 [32minfo[39m: 🚀 Server running on port 5000
2025-08-10 14:13:20 [32minfo[39m: ✅ Connected to PostgreSQL at Sun Aug 10 2025 14:13:20 GMT+0530 (India Standard Time)
2025-08-10 14:13:20 [32minfo[39m: 🚀 Server running on port 5000
2025-08-10 14:13:23 [32minfo[39m: GET /api/auth/users 200 - 6.79ms - IP: ::1
2025-08-10 14:13:25 [32minfo[39m: GET /api/auth/users 200 - 4.70ms - IP: ::1
2025-08-10 14:13:30 [32minfo[39m: ✅ Connected to PostgreSQL at Sun Aug 10 2025 14:13:30 GMT+0530 (India Standard Time)
2025-08-10 14:13:30 [32minfo[39m: 🚀 Server running on port 5000
2025-08-10 14:13:32 [32minfo[39m: ✅ Connected to PostgreSQL at Sun Aug 10 2025 14:13:31 GMT+0530 (India Standard Time)
2025-08-10 14:13:32 [32minfo[39m: 🚀 Server running on port 5000
2025-08-10 14:13:41 [32minfo[39m: GET /api/auth/users 200 - 21.80ms - IP: ::1
2025-08-10 14:14:24 [32minfo[39m: ✅ Connected to PostgreSQL at Sun Aug 10 2025 14:14:24 GMT+0530 (India Standard Time)
2025-08-10 14:14:24 [32minfo[39m: 🚀 Server running on port 5000
2025-08-10 14:14:36 [32minfo[39m: ✅ Connected to PostgreSQL at Sun Aug 10 2025 14:14:36 GMT+0530 (India Standard Time)
2025-08-10 14:14:36 [32minfo[39m: 🚀 Server running on port 5000
2025-08-10 14:14:42 [32minfo[39m: ✅ Connected to PostgreSQL at Sun Aug 10 2025 14:14:42 GMT+0530 (India Standard Time)
2025-08-10 14:14:42 [32minfo[39m: 🚀 Server running on port 5000
2025-08-10 14:14:47 [32minfo[39m: ✅ Connected to PostgreSQL at Sun Aug 10 2025 14:14:47 GMT+0530 (India Standard Time)
2025-08-10 14:14:47 [32minfo[39m: 🚀 Server running on port 5000
2025-08-10 14:14:49 [32minfo[39m: ✅ Connected to PostgreSQL at Sun Aug 10 2025 14:14:49 GMT+0530 (India Standard Time)
2025-08-10 14:14:49 [32minfo[39m: 🚀 Server running on port 5000
2025-08-10 14:14:52 [32minfo[39m: ✅ Connected to PostgreSQL at Sun Aug 10 2025 14:14:52 GMT+0530 (India Standard Time)
2025-08-10 14:14:52 [32minfo[39m: 🚀 Server running on port 5000
2025-08-10 14:15:15 [32minfo[39m: GET /api/auth/users 200 - 89.65ms - IP: ::1
2025-08-10 14:15:17 [32minfo[39m: GET /api/auth/users 200 - 7.16ms - IP: ::1
2025-08-10 14:18:18 [32minfo[39m: GET /api/auth/users 200 - 109.60ms - IP: ::1
2025-08-10 14:18:20 [32minfo[39m: GET /api/auth/users 200 - 2.68ms - IP: ::1
2025-08-10 14:19:18 [32minfo[39m: GET /api/auth/users 200 - 79.24ms - IP: ::1
2025-08-10 14:19:23 [32minfo[39m: GET /api/auth/users 200 - 3.62ms - IP: ::1
2025-08-10 14:20:01 [32minfo[39m: ✅ Connected to PostgreSQL at Sun Aug 10 2025 14:20:01 GMT+0530 (India Standard Time)
2025-08-10 14:20:01 [32minfo[39m: 🚀 Server running on port 5000
2025-08-10 14:20:11 [32minfo[39m: GET /api/auth/users 200 - 72.37ms - IP: ::1
2025-08-10 14:36:58 [32minfo[39m: ✅ Connected to PostgreSQL at Sun Aug 10 2025 14:36:58 GMT+0530 (India Standard Time)
2025-08-10 14:36:58 [32minfo[39m: 🚀 Server running on port 5000
2025-08-10 14:37:54 [32minfo[39m: ✅ Connected to PostgreSQL at Sun Aug 10 2025 14:37:54 GMT+0530 (India Standard Time)
2025-08-10 14:37:54 [32minfo[39m: 🚀 Server running on port 5000
2025-08-10 14:38:50 [32minfo[39m: ✅ Connected to PostgreSQL at Sun Aug 10 2025 14:38:50 GMT+0530 (India Standard Time)
2025-08-10 14:38:50 [32minfo[39m: 🚀 Server running on port 5000
2025-08-10 14:38:57 [32minfo[39m: GET /api/ping 200 - 7.15ms - IP: ::1
2025-08-10 14:39:02 [32minfo[39m: GET /api/auth/users 200 - 113.49ms - IP: ::1
2025-08-10 14:39:06 [32minfo[39m: POST /api/auth/register 500 - 22.01ms - IP: ::1
2025-08-10 14:42:52 [32minfo[39m: ✅ Connected to PostgreSQL at Sun Aug 10 2025 14:42:52 GMT+0530 (India Standard Time)
2025-08-10 14:42:52 [32minfo[39m: 🚀 Server running on port 5000
2025-08-10 14:42:54 [32minfo[39m: ✅ Connected to PostgreSQL at Sun Aug 10 2025 14:42:54 GMT+0530 (India Standard Time)
2025-08-10 14:42:54 [32minfo[39m: 🚀 Server running on port 5000
2025-08-10 14:42:58 [32minfo[39m: POST /api/auth/register 500 - 26.12ms - IP: ::1
2025-08-10 14:43:00 [32minfo[39m: POST /api/auth/register 500 - 3.05ms - IP: ::1
2025-08-10 14:44:43 [32minfo[39m: ✅ Connected to PostgreSQL at Sun Aug 10 2025 14:44:43 GMT+0530 (India Standard Time)
2025-08-10 14:44:43 [32minfo[39m: 🚀 Server running on port 5000
2025-08-10 14:44:53 [32minfo[39m: ✅ Connected to PostgreSQL at Sun Aug 10 2025 14:44:53 GMT+0530 (India Standard Time)
2025-08-10 14:44:53 [32minfo[39m: 🚀 Server running on port 5000
2025-08-10 14:45:00 [32minfo[39m: ✅ Connected to PostgreSQL at Sun Aug 10 2025 14:45:00 GMT+0530 (India Standard Time)
2025-08-10 14:45:00 [32minfo[39m: 🚀 Server running on port 5000
2025-08-10 14:46:21 [32minfo[39m: ✅ Connected to PostgreSQL at Sun Aug 10 2025 14:46:21 GMT+0530 (India Standard Time)
2025-08-10 14:46:21 [32minfo[39m: 🚀 Server running on port 5000
2025-08-10 14:46:23 [32minfo[39m: ✅ Connected to PostgreSQL at Sun Aug 10 2025 14:46:23 GMT+0530 (India Standard Time)
2025-08-10 14:46:23 [32minfo[39m: 🚀 Server running on port 5000
2025-08-10 14:46:28 [32minfo[39m: GET /api/auth/users 200 - 16.73ms - IP: ::1
2025-08-10 14:46:38 [32minfo[39m: POST /api/auth/register 500 - 12.61ms - IP: ::1
2025-08-10 14:46:41 [32minfo[39m: POST /api/auth/register 500 - 2.43ms - IP: ::1
2025-08-10 14:48:15 [32minfo[39m: POST /api/auth/register 500 - 77.54ms - IP: ::1
2025-08-10 14:50:05 [32minfo[39m: ✅ Connected to PostgreSQL at Sun Aug 10 2025 14:50:05 GMT+0530 (India Standard Time)
2025-08-10 14:50:05 [32minfo[39m: 🚀 Server running on port 5000
2025-08-10 14:50:07 [32minfo[39m: ✅ Connected to PostgreSQL at Sun Aug 10 2025 14:50:07 GMT+0530 (India Standard Time)
2025-08-10 14:50:07 [32minfo[39m: 🚀 Server running on port 5000
2025-08-10 14:50:13 [32minfo[39m: ✅ Connected to PostgreSQL at Sun Aug 10 2025 14:50:13 GMT+0530 (India Standard Time)
2025-08-10 14:50:13 [32minfo[39m: 🚀 Server running on port 5000
2025-08-10 14:50:21 [32minfo[39m: ✅ Connected to PostgreSQL at Sun Aug 10 2025 14:50:21 GMT+0530 (India Standard Time)
2025-08-10 14:50:21 [32minfo[39m: 🚀 Server running on port 5000
2025-08-10 14:50:31 [32minfo[39m: ✅ Connected to PostgreSQL at Sun Aug 10 2025 14:50:31 GMT+0530 (India Standard Time)
2025-08-10 14:50:31 [32minfo[39m: 🚀 Server running on port 5000
2025-08-10 14:50:38 [32minfo[39m: POST /api/auth/register 400 - 19.28ms - IP: ::1
2025-08-10 14:51:42 [32minfo[39m: ✅ Connected to PostgreSQL at Sun Aug 10 2025 14:51:42 GMT+0530 (India Standard Time)
2025-08-10 14:51:42 [32minfo[39m: 🚀 Server running on port 5000
2025-08-10 14:51:58 [32minfo[39m: ✅ Connected to PostgreSQL at Sun Aug 10 2025 14:51:58 GMT+0530 (India Standard Time)
2025-08-10 14:51:58 [32minfo[39m: 🚀 Server running on port 5000
2025-08-10 14:52:04 [32minfo[39m: ✅ Connected to PostgreSQL at Sun Aug 10 2025 14:52:04 GMT+0530 (India Standard Time)
2025-08-10 14:52:04 [32minfo[39m: 🚀 Server running on port 5000
2025-08-10 14:52:25 [32minfo[39m: ✅ Connected to PostgreSQL at Sun Aug 10 2025 14:52:25 GMT+0530 (India Standard Time)
2025-08-10 14:52:25 [32minfo[39m: 🚀 Server running on port 5000
2025-08-10 14:52:27 [32minfo[39m: ✅ Connected to PostgreSQL at Sun Aug 10 2025 14:52:27 GMT+0530 (India Standard Time)
2025-08-10 14:52:27 [32minfo[39m: 🚀 Server running on port 5000
2025-08-10 14:52:39 [32minfo[39m: POST /api/auth/register 409 - 106.04ms - IP: ::1
2025-08-10 14:55:00 [32minfo[39m: ✅ Connected to PostgreSQL at Sun Aug 10 2025 14:55:00 GMT+0530 (India Standard Time)
2025-08-10 14:55:00 [32minfo[39m: 🚀 Server running on port 5000
2025-08-10 14:55:07 [32minfo[39m: ✅ Connected to PostgreSQL at Sun Aug 10 2025 14:55:07 GMT+0530 (India Standard Time)
2025-08-10 14:55:07 [32minfo[39m: 🚀 Server running on port 5000
2025-08-10 14:56:13 [32minfo[39m: ✅ Connected to PostgreSQL at Sun Aug 10 2025 14:56:13 GMT+0530 (India Standard Time)
2025-08-10 14:56:13 [32minfo[39m: 🚀 Server running on port 5000
2025-08-10 14:56:15 [32minfo[39m: ✅ Connected to PostgreSQL at Sun Aug 10 2025 14:56:15 GMT+0530 (India Standard Time)
2025-08-10 14:56:15 [32minfo[39m: 🚀 Server running on port 5000
2025-08-10 14:56:36 [32minfo[39m: ✅ Connected to PostgreSQL at Sun Aug 10 2025 14:56:36 GMT+0530 (India Standard Time)
2025-08-10 14:56:36 [32minfo[39m: 🚀 Server running on port 5000
2025-08-10 14:56:41 [32minfo[39m: ✅ Connected to PostgreSQL at Sun Aug 10 2025 14:56:41 GMT+0530 (India Standard Time)
2025-08-10 14:56:41 [32minfo[39m: 🚀 Server running on port 5000
2025-08-10 14:56:56 [32minfo[39m: ✅ Connected to PostgreSQL at Sun Aug 10 2025 14:56:56 GMT+0530 (India Standard Time)
2025-08-10 14:56:56 [32minfo[39m: 🚀 Server running on port 5000
2025-08-10 14:57:17 [32minfo[39m: POST /api/auth/register 409 - 110.19ms - IP: ::1
2025-08-10 14:57:22 [32minfo[39m: POST /api/auth/register 409 - 4.07ms - IP: ::1
2025-08-10 14:58:13 [32minfo[39m: POST /api/auth/register 409 - 191.25ms - IP: ::1
2025-08-10 14:58:26 [32minfo[39m: POST /api/auth/register 409 - 79.57ms - IP: ::1
2025-08-10 14:58:47 [32minfo[39m: ✅ Connected to PostgreSQL at Sun Aug 10 2025 14:58:47 GMT+0530 (India Standard Time)
2025-08-10 14:58:47 [32minfo[39m: 🚀 Server running on port 5000
2025-08-10 14:58:49 [32minfo[39m: ✅ Connected to PostgreSQL at Sun Aug 10 2025 14:58:49 GMT+0530 (India Standard Time)
2025-08-10 14:58:49 [32minfo[39m: 🚀 Server running on port 5000
2025-08-10 14:58:56 [32minfo[39m: ✅ Connected to PostgreSQL at Sun Aug 10 2025 14:58:56 GMT+0530 (India Standard Time)
2025-08-10 14:58:56 [32minfo[39m: 🚀 Server running on port 5000
2025-08-10 14:58:58 [32minfo[39m: ✅ Connected to PostgreSQL at Sun Aug 10 2025 14:58:58 GMT+0530 (India Standard Time)
2025-08-10 14:58:58 [32minfo[39m: 🚀 Server running on port 5000
2025-08-10 14:59:01 [32minfo[39m: ✅ Connected to PostgreSQL at Sun Aug 10 2025 14:59:01 GMT+0530 (India Standard Time)
2025-08-10 14:59:01 [32minfo[39m: 🚀 Server running on port 5000
2025-08-10 14:59:03 [32minfo[39m: ✅ Connected to PostgreSQL at Sun Aug 10 2025 14:59:03 GMT+0530 (India Standard Time)
2025-08-10 14:59:03 [32minfo[39m: 🚀 Server running on port 5000
2025-08-10 14:59:04 [32minfo[39m: ✅ Connected to PostgreSQL at Sun Aug 10 2025 14:59:04 GMT+0530 (India Standard Time)
2025-08-10 14:59:04 [32minfo[39m: 🚀 Server running on port 5000
2025-08-10 14:59:06 [32minfo[39m: ✅ Connected to PostgreSQL at Sun Aug 10 2025 14:59:06 GMT+0530 (India Standard Time)
2025-08-10 14:59:06 [32minfo[39m: 🚀 Server running on port 5000
2025-08-10 14:59:09 [32minfo[39m: ✅ Connected to PostgreSQL at Sun Aug 10 2025 14:59:09 GMT+0530 (India Standard Time)
2025-08-10 14:59:09 [32minfo[39m: 🚀 Server running on port 5000
2025-08-10 14:59:10 [32minfo[39m: ✅ Connected to PostgreSQL at Sun Aug 10 2025 14:59:10 GMT+0530 (India Standard Time)
2025-08-10 14:59:10 [32minfo[39m: 🚀 Server running on port 5000
2025-08-10 14:59:12 [32minfo[39m: ✅ Connected to PostgreSQL at Sun Aug 10 2025 14:59:12 GMT+0530 (India Standard Time)
2025-08-10 14:59:12 [32minfo[39m: 🚀 Server running on port 5000
2025-08-10 14:59:16 [32minfo[39m: POST /api/auth/register 409 - 19.85ms - IP: ::1
2025-08-10 14:59:28 [32minfo[39m: ✅ Connected to PostgreSQL at Sun Aug 10 2025 14:59:28 GMT+0530 (India Standard Time)
2025-08-10 14:59:28 [32minfo[39m: 🚀 Server running on port 5000
2025-08-10 14:59:30 [32minfo[39m: ✅ Connected to PostgreSQL at Sun Aug 10 2025 14:59:30 GMT+0530 (India Standard Time)
2025-08-10 14:59:30 [32minfo[39m: 🚀 Server running on port 5000
2025-08-10 14:59:33 [32minfo[39m: ✅ Connected to PostgreSQL at Sun Aug 10 2025 14:59:33 GMT+0530 (India Standard Time)
2025-08-10 14:59:33 [32minfo[39m: 🚀 Server running on port 5000
2025-08-10 14:59:57 [32minfo[39m: ✅ Connected to PostgreSQL at Sun Aug 10 2025 14:59:57 GMT+0530 (India Standard Time)
2025-08-10 14:59:57 [32minfo[39m: 🚀 Server running on port 5000
2025-08-10 15:00:01 [32minfo[39m: ✅ Connected to PostgreSQL at Sun Aug 10 2025 15:00:01 GMT+0530 (India Standard Time)
2025-08-10 15:00:01 [32minfo[39m: 🚀 Server running on port 5000
2025-08-10 15:00:05 [32minfo[39m: ✅ Connected to PostgreSQL at Sun Aug 10 2025 15:00:05 GMT+0530 (India Standard Time)
2025-08-10 15:00:05 [32minfo[39m: 🚀 Server running on port 5000
2025-08-10 15:00:14 [32minfo[39m: Welcome email sent: <3b2166d4-bdc8-4ed2-f744-786e8ba9f38e@gmail.com>
2025-08-10 15:00:14 [32minfo[39m: POST /api/auth/register 200 - 5552.19ms - IP: ::1
2025-08-10 15:02:35 [32minfo[39m: Welcome email sent: <1a6c5813-aa87-4672-002d-02925101ed44@gmail.com>
2025-08-10 15:02:35 [32minfo[39m: POST /api/auth/register 200 - 3185.95ms - IP: ::1
2025-08-10 15:03:32 [32minfo[39m: ✅ Connected to PostgreSQL at Sun Aug 10 2025 15:03:32 GMT+0530 (India Standard Time)
2025-08-10 15:03:32 [32minfo[39m: 🚀 Server running on port 5000
2025-08-10 15:03:36 [32minfo[39m: ✅ Connected to PostgreSQL at Sun Aug 10 2025 15:03:36 GMT+0530 (India Standard Time)
2025-08-10 15:03:36 [32minfo[39m: 🚀 Server running on port 5000
2025-08-10 15:03:44 [32minfo[39m: POST /api/auth/register 409 - 20.46ms - IP: ::1
2025-08-10 15:03:59 [32minfo[39m: POST /api/auth/register 409 - 83.35ms - IP: ::1
2025-08-10 15:04:08 [32minfo[39m: ✅ Connected to PostgreSQL at Sun Aug 10 2025 15:04:08 GMT+0530 (India Standard Time)
2025-08-10 15:04:08 [32minfo[39m: 🚀 Server running on port 5000
2025-08-10 15:04:09 [32minfo[39m: POST /api/auth/register 409 - 20.85ms - IP: ::1
2025-08-10 15:04:19 [32minfo[39m: ✅ Connected to PostgreSQL at Sun Aug 10 2025 15:04:19 GMT+0530 (India Standard Time)
2025-08-10 15:04:19 [32minfo[39m: 🚀 Server running on port 5000
2025-08-10 16:21:06 [32minfo[39m: Welcome email sent: <64840f1d-5b0f-6055-5b90-8b1ece9613d2@gmail.com>
2025-08-10 16:21:06 [32minfo[39m: POST /api/auth/register 200 - 7124.40ms - IP: ::1
2025-08-10 16:22:16 [32minfo[39m: ✅ Connected to PostgreSQL at Sun Aug 10 2025 16:22:16 GMT+0530 (India Standard Time)
2025-08-10 16:22:16 [32minfo[39m: 🚀 Server running on port 5000
2025-08-10 16:22:19 [32minfo[39m: POST /api/auth/register 400 - 7.39ms - IP: ::1
2025-08-10 16:23:41 [32minfo[39m: ✅ Connected to PostgreSQL at Sun Aug 10 2025 16:23:41 GMT+0530 (India Standard Time)
2025-08-10 16:23:41 [32minfo[39m: 🚀 Server running on port 5000
2025-08-10 16:23:44 [32minfo[39m: ✅ Connected to PostgreSQL at Sun Aug 10 2025 16:23:44 GMT+0530 (India Standard Time)
2025-08-10 16:23:44 [32minfo[39m: 🚀 Server running on port 5000
2025-08-10 16:23:55 [32minfo[39m: POST /api/auth/register 400 - 7.38ms - IP: ::1
2025-08-10 16:24:07 [32minfo[39m: ✅ Connected to PostgreSQL at Sun Aug 10 2025 16:24:07 GMT+0530 (India Standard Time)
2025-08-10 16:24:07 [32minfo[39m: 🚀 Server running on port 5000
2025-08-10 16:24:12 [32minfo[39m: POST /api/auth/register 400 - 9.96ms - IP: ::1
2025-08-10 17:17:20 [32minfo[39m: POST /api/auth/login 500 - 290.40ms - IP: ::1
2025-08-10 17:17:56 [32minfo[39m: ✅ Connected to PostgreSQL at Sun Aug 10 2025 17:17:56 GMT+0530 (India Standard Time)
2025-08-10 17:17:56 [32minfo[39m: 🚀 Server running on port 5000
2025-08-10 17:18:01 [32minfo[39m: ✅ Connected to PostgreSQL at Sun Aug 10 2025 17:18:01 GMT+0530 (India Standard Time)
2025-08-10 17:18:01 [32minfo[39m: 🚀 Server running on port 5000
2025-08-10 17:18:02 [32minfo[39m: ✅ Connected to PostgreSQL at Sun Aug 10 2025 17:18:02 GMT+0530 (India Standard Time)
2025-08-10 17:18:02 [32minfo[39m: 🚀 Server running on port 5000
2025-08-10 17:18:11 [32minfo[39m: POST /api/auth/login 500 - 20.94ms - IP: ::1
2025-08-10 17:18:32 [32minfo[39m: ✅ Connected to PostgreSQL at Sun Aug 10 2025 17:18:32 GMT+0530 (India Standard Time)
2025-08-10 17:18:32 [32minfo[39m: 🚀 Server running on port 5000
2025-08-10 17:19:03 [32minfo[39m: ✅ Connected to PostgreSQL at Sun Aug 10 2025 17:19:03 GMT+0530 (India Standard Time)
2025-08-10 17:19:03 [32minfo[39m: 🚀 Server running on port 5000
2025-08-10 17:19:09 [32minfo[39m: ✅ Connected to PostgreSQL at Sun Aug 10 2025 17:19:09 GMT+0530 (India Standard Time)
2025-08-10 17:19:09 [32minfo[39m: 🚀 Server running on port 5000
2025-08-10 17:19:12 [32minfo[39m: ✅ Connected to PostgreSQL at Sun Aug 10 2025 17:19:12 GMT+0530 (India Standard Time)
2025-08-10 17:19:12 [32minfo[39m: 🚀 Server running on port 5000
2025-08-10 17:19:15 [32minfo[39m: ✅ Connected to PostgreSQL at Sun Aug 10 2025 17:19:15 GMT+0530 (India Standard Time)
2025-08-10 17:19:15 [32minfo[39m: 🚀 Server running on port 5000
2025-08-10 17:19:36 [32minfo[39m: ✅ Connected to PostgreSQL at Sun Aug 10 2025 17:19:36 GMT+0530 (India Standard Time)
2025-08-10 17:19:36 [32minfo[39m: 🚀 Server running on port 5000
2025-08-10 17:19:37 [32minfo[39m: ✅ Connected to PostgreSQL at Sun Aug 10 2025 17:19:37 GMT+0530 (India Standard Time)
2025-08-10 17:19:37 [32minfo[39m: 🚀 Server running on port 5000
2025-08-10 17:19:40 [32minfo[39m: POST /api/auth/login 500 - 26.71ms - IP: ::1
2025-08-10 17:19:52 [32minfo[39m: ✅ Connected to PostgreSQL at Sun Aug 10 2025 17:19:52 GMT+0530 (India Standard Time)
2025-08-10 17:19:52 [32minfo[39m: 🚀 Server running on port 5000
2025-08-10 17:19:56 [32minfo[39m: ✅ Connected to PostgreSQL at Sun Aug 10 2025 17:19:56 GMT+0530 (India Standard Time)
2025-08-10 17:19:56 [32minfo[39m: 🚀 Server running on port 5000
2025-08-10 17:20:08 [32minfo[39m: ✅ Connected to PostgreSQL at Sun Aug 10 2025 17:20:08 GMT+0530 (India Standard Time)
2025-08-10 17:20:08 [32minfo[39m: 🚀 Server running on port 5000
2025-08-10 17:20:12 [32minfo[39m: POST /api/auth/login 401 - 18.80ms - IP: ::1
2025-08-10 17:20:36 [32minfo[39m: POST /api/auth/login 500 - 173.60ms - IP: ::1
2025-08-10 17:20:56 [32minfo[39m: ✅ Connected to PostgreSQL at Sun Aug 10 2025 17:20:56 GMT+0530 (India Standard Time)
2025-08-10 17:20:56 [32minfo[39m: 🚀 Server running on port 5000
2025-08-10 17:21:53 [32minfo[39m: ✅ Connected to PostgreSQL at Sun Aug 10 2025 17:21:53 GMT+0530 (India Standard Time)
2025-08-10 17:21:53 [32minfo[39m: 🚀 Server running on port 5000
2025-08-10 17:22:12 [32minfo[39m: ✅ Connected to PostgreSQL at Sun Aug 10 2025 17:22:12 GMT+0530 (India Standard Time)
2025-08-10 17:22:12 [32minfo[39m: 🚀 Server running on port 5000
2025-08-10 17:22:14 [32minfo[39m: ✅ Connected to PostgreSQL at Sun Aug 10 2025 17:22:14 GMT+0530 (India Standard Time)
2025-08-10 17:22:14 [32minfo[39m: 🚀 Server running on port 5000
2025-08-10 17:22:17 [32minfo[39m: POST /api/auth/login 500 - 18.03ms - IP: ::1
2025-08-10 17:23:13 [32minfo[39m: ✅ Connected to PostgreSQL at Sun Aug 10 2025 17:23:13 GMT+0530 (India Standard Time)
2025-08-10 17:23:13 [32minfo[39m: 🚀 Server running on port 5000
2025-08-10 17:23:16 [32minfo[39m: ✅ Connected to PostgreSQL at Sun Aug 10 2025 17:23:16 GMT+0530 (India Standard Time)
2025-08-10 17:23:16 [32minfo[39m: 🚀 Server running on port 5000
2025-08-10 17:23:26 [32minfo[39m: ✅ Connected to PostgreSQL at Sun Aug 10 2025 17:23:26 GMT+0530 (India Standard Time)
2025-08-10 17:23:26 [32minfo[39m: 🚀 Server running on port 5000
2025-08-10 17:23:37 [32minfo[39m: ✅ Connected to PostgreSQL at Sun Aug 10 2025 17:23:37 GMT+0530 (India Standard Time)
2025-08-10 17:23:37 [32minfo[39m: 🚀 Server running on port 5000
2025-08-10 17:23:41 [32minfo[39m: ✅ Connected to PostgreSQL at Sun Aug 10 2025 17:23:41 GMT+0530 (India Standard Time)
2025-08-10 17:23:41 [32minfo[39m: 🚀 Server running on port 5000
2025-08-10 17:23:44 [32minfo[39m: ✅ Connected to PostgreSQL at Sun Aug 10 2025 17:23:44 GMT+0530 (India Standard Time)
2025-08-10 17:23:44 [32minfo[39m: 🚀 Server running on port 5000
2025-08-10 17:23:45 [32minfo[39m: POST /api/auth/login 500 - 23.28ms - IP: ::1
2025-08-10 17:23:59 [32minfo[39m: ✅ Connected to PostgreSQL at Sun Aug 10 2025 17:23:59 GMT+0530 (India Standard Time)
2025-08-10 17:23:59 [32minfo[39m: 🚀 Server running on port 5000
2025-08-10 17:24:03 [32minfo[39m: ✅ Connected to PostgreSQL at Sun Aug 10 2025 17:24:03 GMT+0530 (India Standard Time)
2025-08-10 17:24:03 [32minfo[39m: 🚀 Server running on port 5000
2025-08-10 17:24:09 [32minfo[39m: ✅ Connected to PostgreSQL at Sun Aug 10 2025 17:24:09 GMT+0530 (India Standard Time)
2025-08-10 17:24:09 [32minfo[39m: 🚀 Server running on port 5000
2025-08-10 17:24:11 [32minfo[39m: POST /api/auth/login 401 - 85.77ms - IP: ::1
2025-08-10 17:24:23 [32minfo[39m: ✅ Connected to PostgreSQL at Sun Aug 10 2025 17:24:23 GMT+0530 (India Standard Time)
2025-08-10 17:24:23 [32minfo[39m: 🚀 Server running on port 5000
2025-08-10 17:25:44 [32minfo[39m: ✅ Connected to PostgreSQL at Sun Aug 10 2025 17:25:44 GMT+0530 (India Standard Time)
2025-08-10 17:25:44 [32minfo[39m: 🚀 Server running on port 5000
2025-08-10 17:25:49 [32minfo[39m: ✅ Connected to PostgreSQL at Sun Aug 10 2025 17:25:49 GMT+0530 (India Standard Time)
2025-08-10 17:25:49 [32minfo[39m: 🚀 Server running on port 5000
2025-08-10 17:25:52 [32minfo[39m: ✅ Connected to PostgreSQL at Sun Aug 10 2025 17:25:52 GMT+0530 (India Standard Time)
2025-08-10 17:25:52 [32minfo[39m: 🚀 Server running on port 5000
2025-08-10 17:25:54 [32minfo[39m: ✅ Connected to PostgreSQL at Sun Aug 10 2025 17:25:54 GMT+0530 (India Standard Time)
2025-08-10 17:25:54 [32minfo[39m: 🚀 Server running on port 5000
2025-08-10 17:26:58 [32minfo[39m: POST /api/auth/login 200 - 204.94ms - IP: ::1
2025-08-10 17:34:36 [32minfo[39m: ✅ Connected to PostgreSQL at Sun Aug 10 2025 17:34:36 GMT+0530 (India Standard Time)
2025-08-10 17:34:36 [32minfo[39m: 🚀 Server running on port 5000
2025-08-10 17:34:53 [32minfo[39m: ✅ Connected to PostgreSQL at Sun Aug 10 2025 17:34:53 GMT+0530 (India Standard Time)
2025-08-10 17:34:53 [32minfo[39m: 🚀 Server running on port 5000
2025-08-10 17:34:55 [32minfo[39m: ✅ Connected to PostgreSQL at Sun Aug 10 2025 17:34:55 GMT+0530 (India Standard Time)
2025-08-10 17:34:55 [32minfo[39m: 🚀 Server running on port 5000
2025-08-10 17:34:59 [32minfo[39m: ✅ Connected to PostgreSQL at Sun Aug 10 2025 17:34:59 GMT+0530 (India Standard Time)
2025-08-10 17:34:59 [32minfo[39m: 🚀 Server running on port 5000
2025-08-10 17:35:45 [32minfo[39m: POST /api/auth/login 200 - 179.40ms - IP: ::1
2025-08-10 17:36:28 [32minfo[39m: ✅ Connected to PostgreSQL at Sun Aug 10 2025 17:36:28 GMT+0530 (India Standard Time)
2025-08-10 17:36:28 [32minfo[39m: 🚀 Server running on port 5000
2025-08-10 17:36:50 [32minfo[39m: ✅ Connected to PostgreSQL at Sun Aug 10 2025 17:36:50 GMT+0530 (India Standard Time)
2025-08-10 17:36:50 [32minfo[39m: 🚀 Server running on port 5000
2025-08-10 17:36:53 [32minfo[39m: ✅ Connected to PostgreSQL at Sun Aug 10 2025 17:36:53 GMT+0530 (India Standard Time)
2025-08-10 17:36:53 [32minfo[39m: 🚀 Server running on port 5000
2025-08-10 17:37:01 [32minfo[39m: POST /api/auth/login 500 - 12.92ms - IP: ::1
2025-08-10 17:37:13 [32minfo[39m: ✅ Connected to PostgreSQL at Sun Aug 10 2025 17:37:13 GMT+0530 (India Standard Time)
2025-08-10 17:37:13 [32minfo[39m: 🚀 Server running on port 5000
2025-08-10 17:37:23 [32minfo[39m: ✅ Connected to PostgreSQL at Sun Aug 10 2025 17:37:23 GMT+0530 (India Standard Time)
2025-08-10 17:37:23 [32minfo[39m: 🚀 Server running on port 5000
2025-08-10 17:37:30 [32minfo[39m: ✅ Connected to PostgreSQL at Sun Aug 10 2025 17:37:30 GMT+0530 (India Standard Time)
2025-08-10 17:37:30 [32minfo[39m: 🚀 Server running on port 5000
2025-08-10 17:37:31 [32minfo[39m: ✅ Connected to PostgreSQL at Sun Aug 10 2025 17:37:31 GMT+0530 (India Standard Time)
2025-08-10 17:37:31 [32minfo[39m: 🚀 Server running on port 5000
2025-08-10 17:37:36 [32minfo[39m: ✅ Connected to PostgreSQL at Sun Aug 10 2025 17:37:36 GMT+0530 (India Standard Time)
2025-08-10 17:37:36 [32minfo[39m: 🚀 Server running on port 5000
2025-08-10 17:37:49 [32minfo[39m: ✅ Connected to PostgreSQL at Sun Aug 10 2025 17:37:49 GMT+0530 (India Standard Time)
2025-08-10 17:37:49 [32minfo[39m: 🚀 Server running on port 5000
2025-08-10 17:37:52 [32minfo[39m: ✅ Connected to PostgreSQL at Sun Aug 10 2025 17:37:52 GMT+0530 (India Standard Time)
2025-08-10 17:37:52 [32minfo[39m: 🚀 Server running on port 5000
2025-08-10 17:37:58 [32minfo[39m: POST /api/auth/login 500 - 12.36ms - IP: ::1
2025-08-10 17:38:15 [32minfo[39m: ✅ Connected to PostgreSQL at Sun Aug 10 2025 17:38:15 GMT+0530 (India Standard Time)
2025-08-10 17:38:15 [32minfo[39m: 🚀 Server running on port 5000
2025-08-10 17:38:20 [32minfo[39m: POST /api/auth/login 200 - 117.19ms - IP: ::1
2025-08-10 21:41:30 [32minfo[39m: ✅ Connected to PostgreSQL at Sun Aug 10 2025 21:41:30 GMT+0530 (India Standard Time)
2025-08-10 21:41:30 [32minfo[39m: 🚀 Server running on port 5000
2025-08-10 21:41:35 [32minfo[39m: ✅ Connected to PostgreSQL at Sun Aug 10 2025 21:41:35 GMT+0530 (India Standard Time)
2025-08-10 21:41:35 [32minfo[39m: 🚀 Server running on port 5000
2025-08-10 21:48:50 [32minfo[39m: ✅ Connected to PostgreSQL at Sun Aug 10 2025 21:48:50 GMT+0530 (India Standard Time)
2025-08-10 21:48:50 [32minfo[39m: 🚀 Server running on port 5000
2025-08-10 21:59:43 [32minfo[39m: ✅ Connected to PostgreSQL at Sun Aug 10 2025 21:59:43 GMT+0530 (India Standard Time)
2025-08-10 21:59:43 [32minfo[39m: 🚀 Server running on port 5000
2025-08-10 22:11:19 [32minfo[39m: POST /api/auth/login 200 - 322.97ms - IP: ::1
2025-08-10 22:15:27 [32minfo[39m: ✅ Connected to PostgreSQL at Sun Aug 10 2025 22:15:27 GMT+0530 (India Standard Time)
2025-08-10 22:15:27 [32minfo[39m: 🚀 Server running on port 5000
2025-08-10 22:15:28 [32minfo[39m: ✅ Connected to PostgreSQL at Sun Aug 10 2025 22:15:28 GMT+0530 (India Standard Time)
2025-08-10 22:15:28 [32minfo[39m: 🚀 Server running on port 5000
2025-08-10 22:15:32 [32minfo[39m: ✅ Connected to PostgreSQL at Sun Aug 10 2025 22:15:32 GMT+0530 (India Standard Time)
2025-08-10 22:15:32 [32minfo[39m: 🚀 Server running on port 5000
2025-08-10 22:15:34 [32minfo[39m: ✅ Connected to PostgreSQL at Sun Aug 10 2025 22:15:34 GMT+0530 (India Standard Time)
2025-08-10 22:15:34 [32minfo[39m: 🚀 Server running on port 5000
2025-08-10 22:15:55 [32minfo[39m: ✅ Connected to PostgreSQL at Sun Aug 10 2025 22:15:55 GMT+0530 (India Standard Time)
2025-08-10 22:15:55 [32minfo[39m: 🚀 Server running on port 5000
2025-08-10 22:15:59 [32minfo[39m: ✅ Connected to PostgreSQL at Sun Aug 10 2025 22:15:59 GMT+0530 (India Standard Time)
2025-08-10 22:15:59 [32minfo[39m: 🚀 Server running on port 5000
2025-08-10 22:16:01 [32minfo[39m: ✅ Connected to PostgreSQL at Sun Aug 10 2025 22:16:01 GMT+0530 (India Standard Time)
2025-08-10 22:16:01 [32minfo[39m: 🚀 Server running on port 5000
2025-08-10 22:16:03 [32minfo[39m: ✅ Connected to PostgreSQL at Sun Aug 10 2025 22:16:03 GMT+0530 (India Standard Time)
2025-08-10 22:16:03 [32minfo[39m: 🚀 Server running on port 5000
2025-08-10 22:16:07 [32minfo[39m: ✅ Connected to PostgreSQL at Sun Aug 10 2025 22:16:07 GMT+0530 (India Standard Time)
2025-08-10 22:16:07 [32minfo[39m: 🚀 Server running on port 5000
2025-08-10 22:16:15 [32minfo[39m: ✅ Connected to PostgreSQL at Sun Aug 10 2025 22:16:15 GMT+0530 (India Standard Time)
2025-08-10 22:16:15 [32minfo[39m: 🚀 Server running on port 5000
2025-08-10 22:16:26 [32minfo[39m: ✅ Connected to PostgreSQL at Sun Aug 10 2025 22:16:26 GMT+0530 (India Standard Time)
2025-08-10 22:16:26 [32minfo[39m: 🚀 Server running on port 5000
2025-08-10 22:16:40 [32minfo[39m: POST /api/auth/refresh 401 - 10.77ms - IP: ::1
2025-08-10 22:17:09 [32minfo[39m: POST /api/auth/refresh 401 - 4.28ms - IP: ::1
2025-08-10 22:17:24 [32minfo[39m: POST /api/auth/refresh 401 - 3.98ms - IP: ::1
2025-08-10 22:17:46 [32minfo[39m: ✅ Connected to PostgreSQL at Sun Aug 10 2025 22:17:46 GMT+0530 (India Standard Time)
2025-08-10 22:17:46 [32minfo[39m: 🚀 Server running on port 5000
2025-08-10 22:17:48 [32minfo[39m: ✅ Connected to PostgreSQL at Sun Aug 10 2025 22:17:48 GMT+0530 (India Standard Time)
2025-08-10 22:17:48 [32minfo[39m: 🚀 Server running on port 5000
2025-08-10 22:17:51 [32minfo[39m: POST /api/auth/refresh 401 - 14.43ms - IP: ::1
2025-08-10 22:18:08 [32minfo[39m: POST /api/auth/refresh 401 - 1.80ms - IP: ::1
2025-08-10 22:18:35 [32minfo[39m: ✅ Connected to PostgreSQL at Sun Aug 10 2025 22:18:35 GMT+0530 (India Standard Time)
2025-08-10 22:18:35 [32minfo[39m: 🚀 Server running on port 5000
2025-08-10 22:18:37 [32minfo[39m: POST /api/auth/refresh 401 - 8.30ms - IP: ::1
2025-08-10 22:18:45 [32minfo[39m: ✅ Connected to PostgreSQL at Sun Aug 10 2025 22:18:45 GMT+0530 (India Standard Time)
2025-08-10 22:18:45 [32minfo[39m: 🚀 Server running on port 5000
2025-08-10 22:18:54 [32minfo[39m: POST /api/auth/refresh 500 - 68.66ms - IP: ::1
2025-08-10 22:22:00 [32minfo[39m: ✅ Connected to PostgreSQL at Sun Aug 10 2025 22:22:00 GMT+0530 (India Standard Time)
2025-08-10 22:22:00 [32minfo[39m: 🚀 Server running on port 5000
2025-08-10 22:22:04 [32minfo[39m: ✅ Connected to PostgreSQL at Sun Aug 10 2025 22:22:04 GMT+0530 (India Standard Time)
2025-08-10 22:22:04 [32minfo[39m: 🚀 Server running on port 5000
2025-08-10 22:22:12 [32minfo[39m: ✅ Connected to PostgreSQL at Sun Aug 10 2025 22:22:12 GMT+0530 (India Standard Time)
2025-08-10 22:22:12 [32minfo[39m: 🚀 Server running on port 5000
2025-08-10 22:22:23 [32minfo[39m: ✅ Connected to PostgreSQL at Sun Aug 10 2025 22:22:23 GMT+0530 (India Standard Time)
2025-08-10 22:22:23 [32minfo[39m: 🚀 Server running on port 5000
2025-08-10 22:22:25 [32minfo[39m: ✅ Connected to PostgreSQL at Sun Aug 10 2025 22:22:25 GMT+0530 (India Standard Time)
2025-08-10 22:22:25 [32minfo[39m: 🚀 Server running on port 5000
2025-08-10 22:22:30 [32minfo[39m: ✅ Connected to PostgreSQL at Sun Aug 10 2025 22:22:30 GMT+0530 (India Standard Time)
2025-08-10 22:22:30 [32minfo[39m: 🚀 Server running on port 5000
2025-08-10 22:22:37 [32minfo[39m: POST /api/auth/refresh 500 - 36.61ms - IP: ::1
2025-08-10 22:23:30 [32minfo[39m: ✅ Connected to PostgreSQL at Sun Aug 10 2025 22:23:30 GMT+0530 (India Standard Time)
2025-08-10 22:23:30 [32minfo[39m: 🚀 Server running on port 5000
2025-08-10 22:23:35 [32minfo[39m: ✅ Connected to PostgreSQL at Sun Aug 10 2025 22:23:35 GMT+0530 (India Standard Time)
2025-08-10 22:23:35 [32minfo[39m: 🚀 Server running on port 5000
2025-08-10 22:23:43 [32minfo[39m: ✅ Connected to PostgreSQL at Sun Aug 10 2025 22:23:43 GMT+0530 (India Standard Time)
2025-08-10 22:23:43 [32minfo[39m: 🚀 Server running on port 5000
2025-08-10 22:25:23 [32minfo[39m: ✅ Connected to PostgreSQL at Sun Aug 10 2025 22:25:23 GMT+0530 (India Standard Time)
2025-08-10 22:25:23 [32minfo[39m: 🚀 Server running on port 5000
2025-08-10 22:25:27 [32minfo[39m: ✅ Connected to PostgreSQL at Sun Aug 10 2025 22:25:27 GMT+0530 (India Standard Time)
2025-08-10 22:25:27 [32minfo[39m: 🚀 Server running on port 5000
2025-08-10 22:25:28 [32minfo[39m: ✅ Connected to PostgreSQL at Sun Aug 10 2025 22:25:28 GMT+0530 (India Standard Time)
2025-08-10 22:25:28 [32minfo[39m: 🚀 Server running on port 5000
2025-08-10 22:25:33 [32minfo[39m: ✅ Connected to PostgreSQL at Sun Aug 10 2025 22:25:33 GMT+0530 (India Standard Time)
2025-08-10 22:25:33 [32minfo[39m: 🚀 Server running on port 5000
2025-08-10 22:25:38 [32minfo[39m: ✅ Connected to PostgreSQL at Sun Aug 10 2025 22:25:38 GMT+0530 (India Standard Time)
2025-08-10 22:25:38 [32minfo[39m: 🚀 Server running on port 5000
2025-08-10 22:26:15 [32minfo[39m: POST /api/auth/refresh 200 - 108.20ms - IP: ::1
2025-08-10 23:00:34 [32minfo[39m: POST /api/auth/logout 500 - 85.87ms - IP: ::1
2025-08-10 23:00:52 [32minfo[39m: POST /api/auth/logout 200 - 37.50ms - IP: ::1
2025-08-10 23:01:36 [32minfo[39m: ✅ Connected to PostgreSQL at Sun Aug 10 2025 23:01:36 GMT+0530 (India Standard Time)
2025-08-10 23:01:36 [32minfo[39m: 🚀 Server running on port 5000
2025-08-10 23:01:36 [32minfo[39m: POST /api/auth/logout 200 - 8.36ms - IP: ::1
2025-08-10 23:01:48 [32minfo[39m: ✅ Connected to PostgreSQL at Sun Aug 10 2025 23:01:48 GMT+0530 (India Standard Time)
2025-08-10 23:01:48 [32minfo[39m: 🚀 Server running on port 5000
2025-08-10 23:01:52 [32minfo[39m: ✅ Connected to PostgreSQL at Sun Aug 10 2025 23:01:52 GMT+0530 (India Standard Time)
2025-08-10 23:01:53 [32minfo[39m: 🚀 Server running on port 5000
2025-08-10 23:02:13 [32minfo[39m: ✅ Connected to PostgreSQL at Sun Aug 10 2025 23:02:13 GMT+0530 (India Standard Time)
2025-08-10 23:02:13 [32minfo[39m: 🚀 Server running on port 5000
2025-08-10 23:02:17 [32minfo[39m: ✅ Connected to PostgreSQL at Sun Aug 10 2025 23:02:17 GMT+0530 (India Standard Time)
2025-08-10 23:02:17 [32minfo[39m: 🚀 Server running on port 5000
2025-08-10 23:02:33 [32minfo[39m: POST /api/auth/logout 200 - 6.53ms - IP: ::1
2025-08-10 23:03:56 [32minfo[39m: ✅ Connected to PostgreSQL at Sun Aug 10 2025 23:03:56 GMT+0530 (India Standard Time)
2025-08-10 23:03:56 [32minfo[39m: 🚀 Server running on port 5000
2025-08-10 23:04:01 [32minfo[39m: ✅ Connected to PostgreSQL at Sun Aug 10 2025 23:04:01 GMT+0530 (India Standard Time)
2025-08-10 23:04:01 [32minfo[39m: 🚀 Server running on port 5000
2025-08-10 23:04:03 [32minfo[39m: ✅ Connected to PostgreSQL at Sun Aug 10 2025 23:04:03 GMT+0530 (India Standard Time)
2025-08-10 23:04:03 [32minfo[39m: 🚀 Server running on port 5000
2025-08-10 23:04:08 [32minfo[39m: ✅ Connected to PostgreSQL at Sun Aug 10 2025 23:04:08 GMT+0530 (India Standard Time)
2025-08-10 23:04:08 [32minfo[39m: 🚀 Server running on port 5000
2025-08-10 23:04:12 [32minfo[39m: POST /api/auth/logout 200 - 49.36ms - IP: ::1
2025-08-10 23:04:39 [32minfo[39m: ✅ Connected to PostgreSQL at Sun Aug 10 2025 23:04:39 GMT+0530 (India Standard Time)
2025-08-10 23:04:39 [32minfo[39m: 🚀 Server running on port 5000
2025-08-10 23:04:43 [32minfo[39m: POST /api/auth/logout 400 - 17.08ms - IP: ::1
2025-08-10 23:06:54 [32minfo[39m: ✅ Connected to PostgreSQL at Sun Aug 10 2025 23:06:54 GMT+0530 (India Standard Time)
2025-08-10 23:06:54 [32minfo[39m: 🚀 Server running on port 5000
2025-08-10 23:07:12 [32minfo[39m: ✅ Connected to PostgreSQL at Sun Aug 10 2025 23:07:12 GMT+0530 (India Standard Time)
2025-08-10 23:07:12 [32minfo[39m: 🚀 Server running on port 5000
2025-08-10 23:07:16 [32minfo[39m: POST /api/auth/logout 400 - 7.09ms - IP: ::1
2025-08-10 23:07:53 [32minfo[39m: POST /api/auth/logout 200 - 99.03ms - IP: ::1
2025-08-10 23:08:31 [32minfo[39m: POST /api/auth/logout 400 - 1.39ms - IP: ::1
2025-08-10 23:08:40 [32minfo[39m: POST /api/auth/logout 200 - 98.76ms - IP: ::1
2025-08-10 23:08:57 [32minfo[39m: ✅ Connected to PostgreSQL at Sun Aug 10 2025 23:08:57 GMT+0530 (India Standard Time)
2025-08-10 23:08:57 [32minfo[39m: 🚀 Server running on port 5000
2025-08-10 23:08:59 [32minfo[39m: POST /api/auth/logout 200 - 21.82ms - IP: ::1
2025-08-10 23:09:16 [32minfo[39m: ✅ Connected to PostgreSQL at Sun Aug 10 2025 23:09:16 GMT+0530 (India Standard Time)
2025-08-10 23:09:16 [32minfo[39m: 🚀 Server running on port 5000
2025-08-10 23:09:17 [32minfo[39m: ✅ Connected to PostgreSQL at Sun Aug 10 2025 23:09:17 GMT+0530 (India Standard Time)
2025-08-10 23:09:17 [32minfo[39m: 🚀 Server running on port 5000
2025-08-10 23:09:22 [32minfo[39m: POST /api/auth/logout 200 - 21.46ms - IP: ::1
2025-08-10 23:09:32 [32minfo[39m: ✅ Connected to PostgreSQL at Sun Aug 10 2025 23:09:32 GMT+0530 (India Standard Time)
2025-08-10 23:09:32 [32minfo[39m: 🚀 Server running on port 5000
2025-08-10 23:09:36 [32minfo[39m: ✅ Connected to PostgreSQL at Sun Aug 10 2025 23:09:36 GMT+0530 (India Standard Time)
2025-08-10 23:09:36 [32minfo[39m: 🚀 Server running on port 5000
2025-08-10 23:09:38 [32minfo[39m: ✅ Connected to PostgreSQL at Sun Aug 10 2025 23:09:38 GMT+0530 (India Standard Time)
2025-08-10 23:09:38 [32minfo[39m: 🚀 Server running on port 5000
2025-08-10 23:09:44 [32minfo[39m: POST /api/auth/logout 400 - 19.48ms - IP: ::1
2025-08-10 23:09:55 [32minfo[39m: ✅ Connected to PostgreSQL at Sun Aug 10 2025 23:09:55 GMT+0530 (India Standard Time)
2025-08-10 23:09:55 [32minfo[39m: 🚀 Server running on port 5000
2025-08-10 23:09:57 [32minfo[39m: ✅ Connected to PostgreSQL at Sun Aug 10 2025 23:09:57 GMT+0530 (India Standard Time)
2025-08-10 23:09:57 [32minfo[39m: 🚀 Server running on port 5000
2025-08-10 23:10:01 [32minfo[39m: ✅ Connected to PostgreSQL at Sun Aug 10 2025 23:10:01 GMT+0530 (India Standard Time)
2025-08-10 23:10:01 [32minfo[39m: 🚀 Server running on port 5000
2025-08-10 23:10:58 [32minfo[39m: POST /api/auth/logout 200 - 100.62ms - IP: ::1
2025-08-10 23:24:00 [32minfo[39m: ✅ Connected to PostgreSQL at Sun Aug 10 2025 23:24:00 GMT+0530 (India Standard Time)
2025-08-10 23:24:00 [32minfo[39m: 🚀 Server running on port 5000
2025-08-10 23:24:17 [32minfo[39m: ✅ Connected to PostgreSQL at Sun Aug 10 2025 23:24:17 GMT+0530 (India Standard Time)
2025-08-10 23:24:17 [32minfo[39m: 🚀 Server running on port 5000
2025-08-10 23:25:56 [32minfo[39m: ✅ Connected to PostgreSQL at Sun Aug 10 2025 23:25:56 GMT+0530 (India Standard Time)
2025-08-10 23:25:56 [32minfo[39m: 🚀 Server running on port 5000
2025-08-10 23:25:59 [32minfo[39m: ✅ Connected to PostgreSQL at Sun Aug 10 2025 23:25:59 GMT+0530 (India Standard Time)
2025-08-10 23:25:59 [32minfo[39m: 🚀 Server running on port 5000
2025-08-10 23:26:01 [32minfo[39m: ✅ Connected to PostgreSQL at Sun Aug 10 2025 23:26:01 GMT+0530 (India Standard Time)
2025-08-10 23:26:01 [32minfo[39m: 🚀 Server running on port 5000
2025-08-10 23:27:37 [32minfo[39m: ✅ Connected to PostgreSQL at Sun Aug 10 2025 23:27:37 GMT+0530 (India Standard Time)
2025-08-10 23:27:37 [32minfo[39m: 🚀 Server running on port 5000
2025-08-10 23:27:57 [32minfo[39m: ✅ Connected to PostgreSQL at Sun Aug 10 2025 23:27:57 GMT+0530 (India Standard Time)
2025-08-10 23:27:57 [32minfo[39m: 🚀 Server running on port 5000
2025-08-10 23:27:59 [32minfo[39m: ✅ Connected to PostgreSQL at Sun Aug 10 2025 23:27:59 GMT+0530 (India Standard Time)
2025-08-10 23:27:59 [32minfo[39m: 🚀 Server running on port 5000
2025-08-10 23:28:03 [32minfo[39m: ✅ Connected to PostgreSQL at Sun Aug 10 2025 23:28:03 GMT+0530 (India Standard Time)
2025-08-10 23:28:03 [32minfo[39m: 🚀 Server running on port 5000
2025-08-10 23:28:27 [32minfo[39m: ✅ Connected to PostgreSQL at Sun Aug 10 2025 23:28:27 GMT+0530 (India Standard Time)
2025-08-10 23:28:27 [32minfo[39m: 🚀 Server running on port 5000
2025-08-10 23:31:41 [32minfo[39m: POST /api/auth/forgot-password 400 - 9.17ms - IP: ::1
2025-08-10 23:32:02 [32minfo[39m: POST /api/auth/forgot-password 400 - 4.03ms - IP: ::1
2025-08-10 23:32:10 [32minfo[39m: POST /api/auth/forgot-password 400 - 1.17ms - IP: ::1
2025-08-10 23:32:23 [32minfo[39m: POST /api/auth/forgot-password 200 - 103.15ms - IP: ::1
2025-08-10 23:33:37 [32minfo[39m: Password reset email sent: <42803696-b678-9880-e889-ef5e771e4b3a@gmail.com>
2025-08-10 23:33:37 [32minfo[39m: POST /api/auth/forgot-password 200 - 4128.71ms - IP: ::1
2025-08-10 23:36:50 [32minfo[39m: ✅ Connected to PostgreSQL at Sun Aug 10 2025 23:36:50 GMT+0530 (India Standard Time)
2025-08-10 23:36:50 [32minfo[39m: 🚀 Server running on port 5000
2025-08-10 23:44:12 [32minfo[39m: ✅ Connected to PostgreSQL at Sun Aug 10 2025 23:44:12 GMT+0530 (India Standard Time)
2025-08-10 23:44:12 [32minfo[39m: 🚀 Server running on port 5000
2025-08-10 23:45:30 [32minfo[39m: ✅ Connected to PostgreSQL at Sun Aug 10 2025 23:45:30 GMT+0530 (India Standard Time)
2025-08-10 23:45:30 [32minfo[39m: 🚀 Server running on port 5000
2025-08-10 23:45:34 [32minfo[39m: ✅ Connected to PostgreSQL at Sun Aug 10 2025 23:45:34 GMT+0530 (India Standard Time)
2025-08-10 23:45:34 [32minfo[39m: 🚀 Server running on port 5000
2025-08-10 23:46:42 [32minfo[39m: ✅ Connected to PostgreSQL at Sun Aug 10 2025 23:46:42 GMT+0530 (India Standard Time)
2025-08-10 23:46:42 [32minfo[39m: 🚀 Server running on port 5000
2025-08-10 23:49:48 [32minfo[39m: ✅ Connected to PostgreSQL at Sun Aug 10 2025 23:49:48 GMT+0530 (India Standard Time)
2025-08-10 23:49:48 [32minfo[39m: 🚀 Server running on port 5000
2025-08-10 23:49:54 [32minfo[39m: ✅ Connected to PostgreSQL at Sun Aug 10 2025 23:49:54 GMT+0530 (India Standard Time)
2025-08-10 23:49:54 [32minfo[39m: 🚀 Server running on port 5000
2025-08-10 23:50:00 [32minfo[39m: POST /api/auth/reset-password?token=2811383108c67d336ad2b1b944a67f65a4b61c338e73af10aeb24fad0450835 400 - 7.95ms - IP: ::1
2025-08-10 23:52:18 [32minfo[39m: ✅ Connected to PostgreSQL at Sun Aug 10 2025 23:52:18 GMT+0530 (India Standard Time)
2025-08-10 23:52:18 [32minfo[39m: 🚀 Server running on port 5000
2025-08-10 23:52:23 [32minfo[39m: POST /api/auth/reset-password?token=2811383108c67d336ad2b1b944a67f65a4b61c338e73af10aeb24fad0450835 400 - 10.16ms - IP: ::1
2025-08-10 23:52:56 [32minfo[39m: POST /api/auth/reset-password?token=2811383108c67d336ad2b1b944a67f65a4b61c338e73af10aeb24fad0450835 400 - 116.90ms - IP: ::1
2025-08-10 23:53:16 [32minfo[39m: ✅ Connected to PostgreSQL at Sun Aug 10 2025 23:53:16 GMT+0530 (India Standard Time)
2025-08-10 23:53:16 [32minfo[39m: 🚀 Server running on port 5000
2025-08-10 23:53:53 [32minfo[39m: POST /api/auth/reset-password?token=2811383108c67d336ad2b1b944a67f65a4b61c338e73af10aeb24fad04508350 200 - 252.46ms - IP: ::1
2025-08-10 23:54:11 [32minfo[39m: POST /api/auth/login 200 - 302.13ms - IP: ::1
2025-08-12 00:56:56 [32minfo[39m: ✅ Connected to PostgreSQL at Tue Aug 12 2025 00:56:56 GMT+0530 (India Standard Time)
2025-08-12 00:56:56 [32minfo[39m: 🚀 Server running on port 5000
2025-08-12 00:56:57 [32minfo[39m: ✅ Connected to PostgreSQL at Tue Aug 12 2025 00:56:57 GMT+0530 (India Standard Time)
2025-08-12 00:56:57 [32minfo[39m: 🚀 Server running on port 5000
2025-08-12 00:57:11 [32minfo[39m: ✅ Connected to PostgreSQL at Tue Aug 12 2025 00:57:11 GMT+0530 (India Standard Time)
2025-08-12 00:57:11 [32minfo[39m: 🚀 Server running on port 5000
2025-08-12 00:57:20 [32minfo[39m: ✅ Connected to PostgreSQL at Tue Aug 12 2025 00:57:20 GMT+0530 (India Standard Time)
2025-08-12 00:57:20 [32minfo[39m: 🚀 Server running on port 5000
2025-08-12 00:58:00 [32minfo[39m: ✅ Connected to PostgreSQL at Tue Aug 12 2025 00:58:00 GMT+0530 (India Standard Time)
2025-08-12 00:58:00 [32minfo[39m: 🚀 Server running on port 5000
2025-08-12 00:58:04 [32minfo[39m: ✅ Connected to PostgreSQL at Tue Aug 12 2025 00:58:04 GMT+0530 (India Standard Time)
2025-08-12 00:58:04 [32minfo[39m: 🚀 Server running on port 5000
2025-08-12 00:58:12 [32minfo[39m: ✅ Connected to PostgreSQL at Tue Aug 12 2025 00:58:12 GMT+0530 (India Standard Time)
2025-08-12 00:58:12 [32minfo[39m: 🚀 Server running on port 5000
2025-08-12 00:59:00 [32minfo[39m: ✅ Connected to PostgreSQL at Tue Aug 12 2025 00:59:00 GMT+0530 (India Standard Time)
2025-08-12 00:59:00 [32minfo[39m: 🚀 Server running on port 5000
2025-08-12 00:59:13 [32minfo[39m: ✅ Connected to PostgreSQL at Tue Aug 12 2025 00:59:13 GMT+0530 (India Standard Time)
2025-08-12 00:59:13 [32minfo[39m: 🚀 Server running on port 5000
2025-08-12 00:59:44 [32minfo[39m: ✅ Connected to PostgreSQL at Tue Aug 12 2025 00:59:44 GMT+0530 (India Standard Time)
2025-08-12 00:59:44 [32minfo[39m: 🚀 Server running on port 5000
2025-08-12 01:00:45 [32minfo[39m: ✅ Connected to PostgreSQL at Tue Aug 12 2025 01:00:45 GMT+0530 (India Standard Time)
2025-08-12 01:00:45 [32minfo[39m: 🚀 Server running on port 5000
2025-08-12 01:00:55 [32minfo[39m: ✅ Connected to PostgreSQL at Tue Aug 12 2025 01:00:55 GMT+0530 (India Standard Time)
2025-08-12 01:00:55 [32minfo[39m: 🚀 Server running on port 5000
2025-08-12 01:00:57 [32minfo[39m: ✅ Connected to PostgreSQL at Tue Aug 12 2025 01:00:57 GMT+0530 (India Standard Time)
2025-08-12 01:00:57 [32minfo[39m: 🚀 Server running on port 5000
2025-08-12 01:00:59 [32minfo[39m: ✅ Connected to PostgreSQL at Tue Aug 12 2025 01:00:59 GMT+0530 (India Standard Time)
2025-08-12 01:00:59 [32minfo[39m: 🚀 Server running on port 5000
2025-08-12 01:01:14 [32minfo[39m: ✅ Connected to PostgreSQL at Tue Aug 12 2025 01:01:14 GMT+0530 (India Standard Time)
2025-08-12 01:01:14 [32minfo[39m: 🚀 Server running on port 5000
2025-08-12 01:01:20 [32minfo[39m: ✅ Connected to PostgreSQL at Tue Aug 12 2025 01:01:20 GMT+0530 (India Standard Time)
2025-08-12 01:01:20 [32minfo[39m: 🚀 Server running on port 5000
2025-08-12 23:39:29 [32minfo[39m: GET /api/ping 200 - 36.13ms - IP: ::1
2025-08-12 23:40:25 [32minfo[39m: POST /api/auth/refresh 200 - 236.13ms - IP: ::1
2025-08-12 23:45:40 [32minfo[39m: POST /api/user/:3d34941a-599f-4efc-b72f-22698da7bfdc 404 - 38.93ms - IP: ::1
2025-08-12 23:46:07 [32minfo[39m: POST /api/users/:3d34941a-599f-4efc-b72f-22698da7bfdc 404 - 50.11ms - IP: ::1
2025-08-12 23:47:11 [32minfo[39m: POST /api/users/:3d34941a-599f-4efc-b72f-22698da7bfdc 404 - 16.61ms - IP: ::1
2025-08-12 23:48:38 [32minfo[39m: POST /api/users/:3d34941a-599f-4efc-b72f-22698da7bfdc 404 - 6.01ms - IP: ::1
2025-08-12 23:48:49 [32minfo[39m: GET /api/users/:3d34941a-599f-4efc-b72f-22698da7bfdc 200 - 265.63ms - IP: ::1
2025-08-12 23:49:29 [32minfo[39m: GET /api/users/:3d34941a-599f-4efc-b72f-22698da7bfd 200 - 97.18ms - IP: ::1
2025-08-12 23:50:58 [32minfo[39m: ✅ Connected to PostgreSQL at Tue Aug 12 2025 23:50:58 GMT+0530 (India Standard Time)
2025-08-12 23:50:58 [32minfo[39m: 🚀 Server running on port 5000
2025-08-13 00:27:28 [32minfo[39m: ✅ Connected to PostgreSQL at Wed Aug 13 2025 00:27:28 GMT+0530 (India Standard Time)
2025-08-13 00:27:28 [32minfo[39m: 🚀 Server running on port 5000
2025-08-13 00:27:31 [32minfo[39m: ✅ Connected to PostgreSQL at Wed Aug 13 2025 00:27:31 GMT+0530 (India Standard Time)
2025-08-13 00:27:31 [32minfo[39m: 🚀 Server running on port 5000
2025-08-13 00:27:32 [32minfo[39m: ✅ Connected to PostgreSQL at Wed Aug 13 2025 00:27:32 GMT+0530 (India Standard Time)
2025-08-13 00:27:32 [32minfo[39m: 🚀 Server running on port 5000
2025-08-13 00:27:37 [31merror[39m: GET /api/users/:3d34941a-599f-4efc-b72f-22698da7bfdc - User not found
2025-08-13 00:27:37 [32minfo[39m: GET /api/users/:3d34941a-599f-4efc-b72f-22698da7bfdc 404 - 96.15ms - IP: ::1
2025-08-13 00:28:12 [32minfo[39m: ✅ Connected to PostgreSQL at Wed Aug 13 2025 00:28:12 GMT+0530 (India Standard Time)
2025-08-13 00:28:12 [32minfo[39m: 🚀 Server running on port 5000
2025-08-13 00:28:16 [32minfo[39m: ✅ Connected to PostgreSQL at Wed Aug 13 2025 00:28:16 GMT+0530 (India Standard Time)
2025-08-13 00:28:16 [32minfo[39m: 🚀 Server running on port 5000
2025-08-13 00:28:18 [32minfo[39m: ✅ Connected to PostgreSQL at Wed Aug 13 2025 00:28:18 GMT+0530 (India Standard Time)
2025-08-13 00:28:18 [32minfo[39m: 🚀 Server running on port 5000
2025-08-13 00:28:19 [32minfo[39m: ✅ Connected to PostgreSQL at Wed Aug 13 2025 00:28:19 GMT+0530 (India Standard Time)
2025-08-13 00:28:19 [32minfo[39m: 🚀 Server running on port 5000
2025-08-13 00:28:21 [32minfo[39m: ✅ Connected to PostgreSQL at Wed Aug 13 2025 00:28:21 GMT+0530 (India Standard Time)
2025-08-13 00:28:21 [32minfo[39m: 🚀 Server running on port 5000
2025-08-13 00:28:22 [32minfo[39m: ✅ Connected to PostgreSQL at Wed Aug 13 2025 00:28:22 GMT+0530 (India Standard Time)
2025-08-13 00:28:22 [32minfo[39m: 🚀 Server running on port 5000
2025-08-13 00:28:26 [32minfo[39m: ✅ Connected to PostgreSQL at Wed Aug 13 2025 00:28:26 GMT+0530 (India Standard Time)
2025-08-13 00:28:26 [32minfo[39m: 🚀 Server running on port 5000
2025-08-13 00:28:29 [32minfo[39m: ✅ Connected to PostgreSQL at Wed Aug 13 2025 00:28:29 GMT+0530 (India Standard Time)
2025-08-13 00:28:29 [32minfo[39m: 🚀 Server running on port 5000
2025-08-13 00:28:36 [31merror[39m: GET /api/users/:3d34941a-599f-4efc-b72f-22698da7bfdc - User not found
2025-08-13 00:28:36 [32minfo[39m: GET /api/users/:3d34941a-599f-4efc-b72f-22698da7bfdc 404 - 41.24ms - IP: ::1
2025-08-13 00:29:16 [32minfo[39m: ✅ Connected to PostgreSQL at Wed Aug 13 2025 00:29:16 GMT+0530 (India Standard Time)
2025-08-13 00:29:16 [32minfo[39m: 🚀 Server running on port 5000
2025-08-13 00:29:44 [32minfo[39m: ✅ Connected to PostgreSQL at Wed Aug 13 2025 00:29:44 GMT+0530 (India Standard Time)
2025-08-13 00:29:44 [32minfo[39m: 🚀 Server running on port 5000
2025-08-13 00:29:48 [32minfo[39m: ✅ Connected to PostgreSQL at Wed Aug 13 2025 00:29:48 GMT+0530 (India Standard Time)
2025-08-13 00:29:48 [32minfo[39m: 🚀 Server running on port 5000
2025-08-13 00:29:50 [32minfo[39m: ✅ Connected to PostgreSQL at Wed Aug 13 2025 00:29:50 GMT+0530 (India Standard Time)
2025-08-13 00:29:50 [32minfo[39m: 🚀 Server running on port 5000
2025-08-13 00:32:36 [31merror[39m: GET /api/users/:3d34941a-599f-4efc-b72f-22698da7bfdc - invalid input syntax for type uuid: ":3d34941a-599f-4efc-b72f-22698da7bfdc"
2025-08-13 00:32:36 [32minfo[39m: GET /api/users/:3d34941a-599f-4efc-b72f-22698da7bfdc 500 - 365.75ms - IP: ::1
2025-08-13 00:32:51 [31merror[39m: GET /api/users/:3d34941a-599f-4efc-b72f-22698da7bfdc - invalid input syntax for type uuid: ":3d34941a-599f-4efc-b72f-22698da7bfdc"
2025-08-13 00:32:51 [32minfo[39m: GET /api/users/:3d34941a-599f-4efc-b72f-22698da7bfdc 500 - 148.56ms - IP: ::1
2025-08-13 00:33:28 [32minfo[39m: GET /api/users/3d34941a-599f-4efc-b72f-22698da7bfdc 200 - 257.60ms - IP: ::1
2025-08-13 00:33:39 [31merror[39m: GET /api/users/3d34941a-599f-4efc-b72f-22698da7bfd - invalid input syntax for type uuid: "3d34941a-599f-4efc-b72f-22698da7bfd"
2025-08-13 00:33:39 [32minfo[39m: GET /api/users/3d34941a-599f-4efc-b72f-22698da7bfd 500 - 129.50ms - IP: ::1
2025-08-13 00:33:48 [31merror[39m: GET /api/users/3d34941a-599f-4efc-b72f-22698da7bfdd - User not found
2025-08-13 00:33:48 [32minfo[39m: GET /api/users/3d34941a-599f-4efc-b72f-22698da7bfdd 404 - 136.59ms - IP: ::1
2025-08-13 00:33:55 [32minfo[39m: GET /api/users/3d34941a-599f-4efc-b72f-22698da7bfdc 200 - 22.97ms - IP: ::1
2025-08-13 00:37:01 [32minfo[39m: GET /api/users/ 403 - 391.49ms - IP: ::1
2025-08-13 00:38:45 [32minfo[39m: ✅ Connected to PostgreSQL at Wed Aug 13 2025 00:38:45 GMT+0530 (India Standard Time)
2025-08-13 00:38:45 [32minfo[39m: 🚀 Server running on port 5000
2025-08-13 00:38:46 [32minfo[39m: ✅ Connected to PostgreSQL at Wed Aug 13 2025 00:38:46 GMT+0530 (India Standard Time)
2025-08-13 00:38:46 [32minfo[39m: 🚀 Server running on port 5000
2025-08-13 00:38:47 [32minfo[39m: ✅ Connected to PostgreSQL at Wed Aug 13 2025 00:38:47 GMT+0530 (India Standard Time)
2025-08-13 00:38:47 [32minfo[39m: 🚀 Server running on port 5000
2025-08-13 00:38:53 [32minfo[39m: GET /api/users/ 403 - 51.36ms - IP: ::1
2025-08-13 00:39:56 [32minfo[39m: ✅ Connected to PostgreSQL at Wed Aug 13 2025 00:39:56 GMT+0530 (India Standard Time)
2025-08-13 00:39:56 [32minfo[39m: 🚀 Server running on port 5000
2025-08-13 00:40:03 [32minfo[39m: ✅ Connected to PostgreSQL at Wed Aug 13 2025 00:40:03 GMT+0530 (India Standard Time)
2025-08-13 00:40:03 [32minfo[39m: 🚀 Server running on port 5000
2025-08-13 00:40:07 [32minfo[39m: ✅ Connected to PostgreSQL at Wed Aug 13 2025 00:40:07 GMT+0530 (India Standard Time)
2025-08-13 00:40:07 [32minfo[39m: 🚀 Server running on port 5000
2025-08-13 00:40:16 [32minfo[39m: ✅ Connected to PostgreSQL at Wed Aug 13 2025 00:40:16 GMT+0530 (India Standard Time)
2025-08-13 00:40:16 [32minfo[39m: 🚀 Server running on port 5000
2025-08-13 00:40:18 [32minfo[39m: ✅ Connected to PostgreSQL at Wed Aug 13 2025 00:40:18 GMT+0530 (India Standard Time)
2025-08-13 00:40:18 [32minfo[39m: 🚀 Server running on port 5000
2025-08-13 00:40:22 [32minfo[39m: GET /api/users/ 401 - 28.03ms - IP: ::1
2025-08-13 00:41:15 [32minfo[39m: POST /api/auth/login 200 - 533.46ms - IP: ::1
2025-08-13 00:42:06 [32minfo[39m: GET /api/users/ 403 - 15.65ms - IP: ::1
2025-08-13 00:42:22 [32minfo[39m: ✅ Connected to PostgreSQL at Wed Aug 13 2025 00:42:22 GMT+0530 (India Standard Time)
2025-08-13 00:42:22 [32minfo[39m: 🚀 Server running on port 5000
2025-08-13 00:42:23 [32minfo[39m: ✅ Connected to PostgreSQL at Wed Aug 13 2025 00:42:23 GMT+0530 (India Standard Time)
2025-08-13 00:42:23 [32minfo[39m: 🚀 Server running on port 5000
2025-08-13 00:42:31 [32minfo[39m: ✅ Connected to PostgreSQL at Wed Aug 13 2025 00:42:31 GMT+0530 (India Standard Time)
2025-08-13 00:42:31 [32minfo[39m: 🚀 Server running on port 5000
2025-08-13 00:43:09 [32minfo[39m: ✅ Connected to PostgreSQL at Wed Aug 13 2025 00:43:09 GMT+0530 (India Standard Time)
2025-08-13 00:43:09 [32minfo[39m: 🚀 Server running on port 5000
2025-08-13 00:43:15 [32minfo[39m: GET /api/users/ 403 - 23.86ms - IP: ::1
2025-08-13 00:43:32 [32minfo[39m: ✅ Connected to PostgreSQL at Wed Aug 13 2025 00:43:32 GMT+0530 (India Standard Time)
2025-08-13 00:43:32 [32minfo[39m: 🚀 Server running on port 5000
2025-08-13 00:43:33 [32minfo[39m: ✅ Connected to PostgreSQL at Wed Aug 13 2025 00:43:33 GMT+0530 (India Standard Time)
2025-08-13 00:43:33 [32minfo[39m: 🚀 Server running on port 5000
2025-08-13 00:43:35 [32minfo[39m: GET /api/users/ 200 - 56.46ms - IP: ::1
2025-08-13 00:44:04 [32minfo[39m: ✅ Connected to PostgreSQL at Wed Aug 13 2025 00:44:04 GMT+0530 (India Standard Time)
2025-08-13 00:44:04 [32minfo[39m: 🚀 Server running on port 5000
2025-08-13 00:45:11 [32minfo[39m: ✅ Connected to PostgreSQL at Wed Aug 13 2025 00:45:11 GMT+0530 (India Standard Time)
2025-08-13 00:45:11 [32minfo[39m: 🚀 Server running on port 5000
2025-08-13 00:45:29 [32minfo[39m: ✅ Connected to PostgreSQL at Wed Aug 13 2025 00:45:29 GMT+0530 (India Standard Time)
2025-08-13 00:45:30 [32minfo[39m: 🚀 Server running on port 5000
2025-08-13 00:45:31 [32minfo[39m: ✅ Connected to PostgreSQL at Wed Aug 13 2025 00:45:31 GMT+0530 (India Standard Time)
2025-08-13 00:45:31 [32minfo[39m: 🚀 Server running on port 5000
2025-08-13 00:45:40 [32minfo[39m: ✅ Connected to PostgreSQL at Wed Aug 13 2025 00:45:40 GMT+0530 (India Standard Time)
2025-08-13 00:45:40 [32minfo[39m: 🚀 Server running on port 5000
2025-08-13 00:46:03 [32minfo[39m: ✅ Connected to PostgreSQL at Wed Aug 13 2025 00:46:03 GMT+0530 (India Standard Time)
2025-08-13 00:46:03 [32minfo[39m: 🚀 Server running on port 5000
2025-08-13 00:46:04 [32minfo[39m: ✅ Connected to PostgreSQL at Wed Aug 13 2025 00:46:04 GMT+0530 (India Standard Time)
2025-08-13 00:46:04 [32minfo[39m: 🚀 Server running on port 5000
2025-08-13 00:46:21 [32minfo[39m: ✅ Connected to PostgreSQL at Wed Aug 13 2025 00:46:21 GMT+0530 (India Standard Time)
2025-08-13 00:46:21 [32minfo[39m: 🚀 Server running on port 5000
2025-08-13 00:46:27 [32minfo[39m: ✅ Connected to PostgreSQL at Wed Aug 13 2025 00:46:27 GMT+0530 (India Standard Time)
2025-08-13 00:46:27 [32minfo[39m: 🚀 Server running on port 5000
2025-08-13 00:46:28 [32minfo[39m: ✅ Connected to PostgreSQL at Wed Aug 13 2025 00:46:28 GMT+0530 (India Standard Time)
2025-08-13 00:46:28 [32minfo[39m: 🚀 Server running on port 5000
2025-08-13 00:47:19 [32minfo[39m: ✅ Connected to PostgreSQL at Wed Aug 13 2025 00:47:19 GMT+0530 (India Standard Time)
2025-08-13 00:47:19 [32minfo[39m: 🚀 Server running on port 5000
2025-08-13 00:47:21 [32minfo[39m: ✅ Connected to PostgreSQL at Wed Aug 13 2025 00:47:21 GMT+0530 (India Standard Time)
2025-08-13 00:47:21 [32minfo[39m: 🚀 Server running on port 5000
2025-08-13 00:47:32 [32minfo[39m: ✅ Connected to PostgreSQL at Wed Aug 13 2025 00:47:32 GMT+0530 (India Standard Time)
2025-08-13 00:47:32 [32minfo[39m: 🚀 Server running on port 5000
2025-08-13 00:47:35 [32minfo[39m: ✅ Connected to PostgreSQL at Wed Aug 13 2025 00:47:35 GMT+0530 (India Standard Time)
2025-08-13 00:47:35 [32minfo[39m: 🚀 Server running on port 5000
2025-08-13 00:47:37 [32minfo[39m: ✅ Connected to PostgreSQL at Wed Aug 13 2025 00:47:37 GMT+0530 (India Standard Time)
2025-08-13 00:47:37 [32minfo[39m: 🚀 Server running on port 5000
2025-08-13 00:47:40 [32minfo[39m: ✅ Connected to PostgreSQL at Wed Aug 13 2025 00:47:40 GMT+0530 (India Standard Time)
2025-08-13 00:47:40 [32minfo[39m: 🚀 Server running on port 5000
2025-08-13 00:48:38 [32minfo[39m: ✅ Connected to PostgreSQL at Wed Aug 13 2025 00:48:38 GMT+0530 (India Standard Time)
2025-08-13 00:48:38 [32minfo[39m: 🚀 Server running on port 5000
2025-08-13 00:48:40 [32minfo[39m: ✅ Connected to PostgreSQL at Wed Aug 13 2025 00:48:40 GMT+0530 (India Standard Time)
2025-08-13 00:48:40 [32minfo[39m: 🚀 Server running on port 5000
2025-08-13 00:48:45 [32minfo[39m: ✅ Connected to PostgreSQL at Wed Aug 13 2025 00:48:45 GMT+0530 (India Standard Time)
2025-08-13 00:48:45 [32minfo[39m: 🚀 Server running on port 5000
2025-08-13 00:48:46 [32minfo[39m: ✅ Connected to PostgreSQL at Wed Aug 13 2025 00:48:46 GMT+0530 (India Standard Time)
2025-08-13 00:48:46 [32minfo[39m: 🚀 Server running on port 5000
2025-08-13 00:48:59 [32minfo[39m: ✅ Connected to PostgreSQL at Wed Aug 13 2025 00:48:59 GMT+0530 (India Standard Time)
2025-08-13 00:48:59 [32minfo[39m: 🚀 Server running on port 5000
2025-08-13 00:49:05 [32minfo[39m: ✅ Connected to PostgreSQL at Wed Aug 13 2025 00:49:05 GMT+0530 (India Standard Time)
2025-08-13 00:49:05 [32minfo[39m: 🚀 Server running on port 5000
2025-08-13 00:49:06 [32minfo[39m: ✅ Connected to PostgreSQL at Wed Aug 13 2025 00:49:06 GMT+0530 (India Standard Time)
2025-08-13 00:49:06 [32minfo[39m: 🚀 Server running on port 5000
2025-08-13 00:49:14 [32minfo[39m: ✅ Connected to PostgreSQL at Wed Aug 13 2025 00:49:14 GMT+0530 (India Standard Time)
2025-08-13 00:49:14 [32minfo[39m: 🚀 Server running on port 5000
2025-08-13 00:49:20 [32minfo[39m: ✅ Connected to PostgreSQL at Wed Aug 13 2025 00:49:20 GMT+0530 (India Standard Time)
2025-08-13 00:49:20 [32minfo[39m: 🚀 Server running on port 5000
2025-08-13 00:51:08 [32minfo[39m: ✅ Connected to PostgreSQL at Wed Aug 13 2025 00:51:08 GMT+0530 (India Standard Time)
2025-08-13 00:51:08 [32minfo[39m: 🚀 Server running on port 5000
2025-08-13 00:52:46 [32minfo[39m: GET /api/users/ 200 - 148.80ms - IP: ::1
2025-08-13 00:53:29 [32minfo[39m: POST /api/users/ 403 - 3.01ms - IP: ::1
2025-08-13 00:53:54 [32minfo[39m: ✅ Connected to PostgreSQL at Wed Aug 13 2025 00:53:54 GMT+0530 (India Standard Time)
2025-08-13 00:53:54 [32minfo[39m: 🚀 Server running on port 5000
2025-08-13 00:53:55 [32minfo[39m: POST /api/users/ 400 - 13.63ms - IP: ::1
2025-08-13 00:54:09 [32minfo[39m: POST /api/users/ 400 - 5.67ms - IP: ::1
2025-08-13 00:54:22 [32minfo[39m: POST /api/users/ 400 - 4.14ms - IP: ::1
2025-08-13 00:56:03 [32minfo[39m: ✅ Connected to PostgreSQL at Wed Aug 13 2025 00:56:03 GMT+0530 (India Standard Time)
2025-08-13 00:56:03 [32minfo[39m: 🚀 Server running on port 5000
2025-08-13 00:56:05 [32minfo[39m: POST /api/users/ 400 - 18.61ms - IP: ::1
2025-08-13 00:56:08 [32minfo[39m: POST /api/users/ 400 - 2.55ms - IP: ::1
2025-08-13 00:56:34 [32minfo[39m: ✅ Connected to PostgreSQL at Wed Aug 13 2025 00:56:34 GMT+0530 (India Standard Time)
2025-08-13 00:56:34 [32minfo[39m: 🚀 Server running on port 5000
2025-08-13 00:56:36 [32minfo[39m: ✅ Connected to PostgreSQL at Wed Aug 13 2025 00:56:36 GMT+0530 (India Standard Time)
2025-08-13 00:56:36 [32minfo[39m: 🚀 Server running on port 5000
2025-08-13 00:56:42 [32minfo[39m: Welcome email sent: <57e8d0c3-6ad6-5fb1-e8e6-d2186ec53530@gmail.com>
2025-08-13 00:56:42 [32minfo[39m: POST /api/users/ 200 - 4126.52ms - IP: ::1
2025-08-13 00:57:14 [31merror[39m: POST /api/users/ - User already exists
2025-08-13 00:57:14 [32minfo[39m: POST /api/users/ 409 - 119.36ms - IP: ::1
2025-08-13 00:57:28 [32minfo[39m: ✅ Connected to PostgreSQL at Wed Aug 13 2025 00:57:28 GMT+0530 (India Standard Time)
2025-08-13 00:57:28 [32minfo[39m: 🚀 Server running on port 5000
2025-08-13 00:57:53 [32minfo[39m: POST /api/users/ 400 - 13.94ms - IP: ::1
2025-08-13 01:01:52 [32minfo[39m: ✅ Connected to PostgreSQL at Wed Aug 13 2025 01:01:52 GMT+0530 (India Standard Time)
2025-08-13 01:01:52 [32minfo[39m: 🚀 Server running on port 5000
2025-08-13 01:02:09 [32minfo[39m: POST /api/users/ 400 - 29.61ms - IP: ::1
2025-08-13 01:02:19 [32minfo[39m: POST /api/users/ 400 - 6.01ms - IP: ::1
2025-08-13 01:02:36 [32minfo[39m: ✅ Connected to PostgreSQL at Wed Aug 13 2025 01:02:36 GMT+0530 (India Standard Time)
2025-08-13 01:02:36 [32minfo[39m: 🚀 Server running on port 5000
2025-08-13 01:02:37 [32minfo[39m: ✅ Connected to PostgreSQL at Wed Aug 13 2025 01:02:37 GMT+0530 (India Standard Time)
2025-08-13 01:02:37 [32minfo[39m: 🚀 Server running on port 5000
2025-08-13 01:02:50 [31merror[39m: POST /api/users/ - User already exists
2025-08-13 01:02:50 [32minfo[39m: POST /api/users/ 409 - 184.68ms - IP: ::1
2025-08-13 01:03:35 [32minfo[39m: ✅ Connected to PostgreSQL at Wed Aug 13 2025 01:03:35 GMT+0530 (India Standard Time)
2025-08-13 01:03:35 [32minfo[39m: 🚀 Server running on port 5000
2025-08-13 01:04:02 [32minfo[39m: ✅ Connected to PostgreSQL at Wed Aug 13 2025 01:04:02 GMT+0530 (India Standard Time)
2025-08-13 01:04:02 [32minfo[39m: 🚀 Server running on port 5000
2025-08-13 01:04:17 [32minfo[39m: ✅ Connected to PostgreSQL at Wed Aug 13 2025 01:04:17 GMT+0530 (India Standard Time)
2025-08-13 01:04:17 [32minfo[39m: 🚀 Server running on port 5000
2025-08-13 01:04:21 [32minfo[39m: POST /api/users/ 400 - 24.78ms - IP: ::1
2025-08-13 01:04:41 [32minfo[39m: POST /api/users/ 400 - 5.04ms - IP: ::1
2025-08-13 01:04:52 [32minfo[39m: POST /api/users/ 400 - 2.37ms - IP: ::1
2025-08-13 01:05:12 [32minfo[39m: POST /api/users/ 400 - 1.93ms - IP: ::1
2025-08-13 01:06:35 [31merror[39m: POST /api/users/ - User already exists
2025-08-13 01:06:35 [32minfo[39m: POST /api/users/ 409 - 142.28ms - IP: ::1
2025-08-13 01:07:37 [32minfo[39m: Welcome email sent: <7fdf2c22-1947-7540-4a32-110a147f0cb6@gmail.com>
2025-08-13 01:07:37 [32minfo[39m: POST /api/users/ 200 - 4882.91ms - IP: ::1
2025-08-13 01:12:13 [32minfo[39m: ✅ Connected to PostgreSQL at Wed Aug 13 2025 01:12:13 GMT+0530 (India Standard Time)
2025-08-13 01:12:13 [32minfo[39m: 🚀 Server running on port 5000
2025-08-13 01:14:29 [32minfo[39m: ✅ Connected to PostgreSQL at Wed Aug 13 2025 01:14:29 GMT+0530 (India Standard Time)
2025-08-13 01:14:29 [32minfo[39m: 🚀 Server running on port 5000
2025-08-13 01:16:29 [32minfo[39m: POST /api/users/7fea9912-2ba6-4027-950d-d98f7bd6d21 404 - 20.64ms - IP: ::1
2025-08-13 01:16:39 [32minfo[39m: PUT /api/users/7fea9912-2ba6-4027-950d-d98f7bd6d21 400 - 8.37ms - IP: ::1
2025-08-13 01:16:49 [32minfo[39m: PUT /api/users/7fea9912-2ba6-4027-950d-d98f7bd6d216 400 - 5.02ms - IP: ::1
2025-08-13 01:17:31 [32minfo[39m: ✅ Connected to PostgreSQL at Wed Aug 13 2025 01:17:31 GMT+0530 (India Standard Time)
2025-08-13 01:17:31 [32minfo[39m: 🚀 Server running on port 5000
2025-08-13 01:17:32 [32minfo[39m: ✅ Connected to PostgreSQL at Wed Aug 13 2025 01:17:32 GMT+0530 (India Standard Time)
2025-08-13 01:17:32 [32minfo[39m: 🚀 Server running on port 5000
2025-08-13 01:17:36 [32minfo[39m: PUT /api/users/7fea9912-2ba6-4027-950d-d98f7bd6d216 400 - 18.30ms - IP: ::1
2025-08-13 01:19:57 [32minfo[39m: ✅ Connected to PostgreSQL at Wed Aug 13 2025 01:19:57 GMT+0530 (India Standard Time)
2025-08-13 01:19:57 [32minfo[39m: 🚀 Server running on port 5000
2025-08-13 01:20:09 [32minfo[39m: PUT /api/users/7fea9912-2ba6-4027-950d-d98f7bd6d21 400 - 10.96ms - IP: ::1
2025-08-13 01:20:49 [32minfo[39m: ✅ Connected to PostgreSQL at Wed Aug 13 2025 01:20:49 GMT+0530 (India Standard Time)
2025-08-13 01:20:49 [32minfo[39m: 🚀 Server running on port 5000
2025-08-13 01:21:06 [32minfo[39m: ✅ Connected to PostgreSQL at Wed Aug 13 2025 01:21:06 GMT+0530 (India Standard Time)
2025-08-13 01:21:06 [32minfo[39m: 🚀 Server running on port 5000
2025-08-13 01:21:09 [31merror[39m: PUT /api/users/7fea9912-2ba6-4027-950d-d98f7bd6d21 - invalid input syntax for type uuid: "7fea9912-2ba6-4027-950d-d98f7bd6d21"
2025-08-13 01:21:09 [32minfo[39m: PUT /api/users/7fea9912-2ba6-4027-950d-d98f7bd6d21 500 - 39.55ms - IP: ::1
2025-08-13 01:21:44 [31merror[39m: PUT /api/users/7fea9912-2ba6-4027-950d-d98f7bd6d216 - function update_user(unknown, unknown, unknown, unknown) does not exist
2025-08-13 01:21:44 [32minfo[39m: PUT /api/users/7fea9912-2ba6-4027-950d-d98f7bd6d216 500 - 142.06ms - IP: ::1
2025-08-13 01:22:12 [32minfo[39m: ✅ Connected to PostgreSQL at Wed Aug 13 2025 01:22:12 GMT+0530 (India Standard Time)
2025-08-13 01:22:12 [32minfo[39m: 🚀 Server running on port 5000
2025-08-13 01:22:14 [32minfo[39m: ✅ Connected to PostgreSQL at Wed Aug 13 2025 01:22:14 GMT+0530 (India Standard Time)
2025-08-13 01:22:14 [32minfo[39m: 🚀 Server running on port 5000
2025-08-13 01:22:20 [32minfo[39m: PUT /api/users/7fea9912-2ba6-4027-950d-d98f7bd6d216 400 - 12.99ms - IP: ::1
2025-08-13 01:22:33 [32minfo[39m: PUT /api/users/7fea9912-2ba6-4027-950d-d98f7bd6d216 400 - 2.78ms - IP: ::1
2025-08-13 01:22:40 [32minfo[39m: ✅ Connected to PostgreSQL at Wed Aug 13 2025 01:22:40 GMT+0530 (India Standard Time)
2025-08-13 01:22:40 [32minfo[39m: 🚀 Server running on port 5000
2025-08-13 01:22:41 [32minfo[39m: ✅ Connected to PostgreSQL at Wed Aug 13 2025 01:22:41 GMT+0530 (India Standard Time)
2025-08-13 01:22:41 [32minfo[39m: 🚀 Server running on port 5000
2025-08-13 01:22:42 [32minfo[39m: ✅ Connected to PostgreSQL at Wed Aug 13 2025 01:22:42 GMT+0530 (India Standard Time)
2025-08-13 01:22:42 [32minfo[39m: 🚀 Server running on port 5000
2025-08-13 01:22:51 [31merror[39m: PUT /api/users/7fea9912-2ba6-4027-950d-d98f7bd6d216 - function update_user(unknown, unknown, unknown, unknown) does not exist
2025-08-13 01:22:51 [32minfo[39m: PUT /api/users/7fea9912-2ba6-4027-950d-d98f7bd6d216 500 - 42.42ms - IP: ::1
2025-08-13 01:26:24 [32minfo[39m: PUT /api/users/7fea9912-2ba6-4027-950d-d98f7bd6d216 200 - 271.06ms - IP: ::1
2025-08-13 01:27:19 [32minfo[39m: ✅ Connected to PostgreSQL at Wed Aug 13 2025 01:27:19 GMT+0530 (India Standard Time)
2025-08-13 01:27:19 [32minfo[39m: 🚀 Server running on port 5000
2025-08-13 01:27:56 [32minfo[39m: ✅ Connected to PostgreSQL at Wed Aug 13 2025 01:27:56 GMT+0530 (India Standard Time)
2025-08-13 01:27:56 [32minfo[39m: 🚀 Server running on port 5000
2025-08-13 01:28:06 [32minfo[39m: ✅ Connected to PostgreSQL at Wed Aug 13 2025 01:28:06 GMT+0530 (India Standard Time)
2025-08-13 01:28:06 [32minfo[39m: 🚀 Server running on port 5000
2025-08-13 01:28:13 [32minfo[39m: ✅ Connected to PostgreSQL at Wed Aug 13 2025 01:28:13 GMT+0530 (India Standard Time)
2025-08-13 01:28:13 [32minfo[39m: 🚀 Server running on port 5000
2025-08-13 01:28:38 [32minfo[39m: PUT /api/users/7fea9912-2ba6-4027-950d-d98f7bd6d216 200 - 124.40ms - IP: ::1
2025-08-13 01:29:16 [32minfo[39m: ✅ Connected to PostgreSQL at Wed Aug 13 2025 01:29:16 GMT+0530 (India Standard Time)
2025-08-13 01:29:16 [32minfo[39m: 🚀 Server running on port 5000
2025-08-13 01:29:30 [32minfo[39m: ✅ Connected to PostgreSQL at Wed Aug 13 2025 01:29:30 GMT+0530 (India Standard Time)
2025-08-13 01:29:30 [32minfo[39m: 🚀 Server running on port 5000
2025-08-13 01:29:38 [32minfo[39m: ✅ Connected to PostgreSQL at Wed Aug 13 2025 01:29:38 GMT+0530 (India Standard Time)
2025-08-13 01:29:38 [32minfo[39m: 🚀 Server running on port 5000
2025-08-13 01:29:39 [32minfo[39m: ✅ Connected to PostgreSQL at Wed Aug 13 2025 01:29:39 GMT+0530 (India Standard Time)
2025-08-13 01:29:39 [32minfo[39m: 🚀 Server running on port 5000
2025-08-13 01:29:44 [32minfo[39m: PUT /api/users/7fea9912-2ba6-4027-950d-d98f7bd6d216 200 - 33.72ms - IP: ::1
2025-08-13 01:32:25 [32minfo[39m: PUT /api/users/7fea9912-2ba6-4027-950d-d98f7bd6d216 200 - 155.13ms - IP: ::1
2025-08-13 01:32:40 [32minfo[39m: PUT /api/users/7fea9912-2ba6-4027-950d-d98f7bd6d216 200 - 98.74ms - IP: ::1
2025-08-13 01:33:59 [31merror[39m: DELETE /api/users/7fea9912-2ba6-4027-950d-d98f7bd6d216 - function delete_user(unknown) does not exist
2025-08-13 01:33:59 [32minfo[39m: DELETE /api/users/7fea9912-2ba6-4027-950d-d98f7bd6d216 500 - 239.64ms - IP: ::1
2025-08-13 01:35:29 [32minfo[39m: DELETE /api/users/7fea9912-2ba6-4027-950d-d98f7bd6d216 200 - 120.08ms - IP: ::1
2025-08-31 21:06:21 [32minfo[39m: ✅ Connected to PostgreSQL at Sun Aug 31 2025 21:06:21 GMT+0530 (India Standard Time)
2025-08-31 21:06:21 [32minfo[39m: 🚀 Server running on port 5000
2025-08-31 21:06:38 [32minfo[39m: ✅ Connected to PostgreSQL at Sun Aug 31 2025 21:06:38 GMT+0530 (India Standard Time)
2025-08-31 21:06:38 [32minfo[39m: 🚀 Server running on port 5000
2025-08-31 21:08:17 [32minfo[39m: GET /api/ping 200 - 49.90ms - IP: ::1
2025-08-31 21:11:13 [32minfo[39m: ✅ Connected to PostgreSQL at Sun Aug 31 2025 21:11:13 GMT+0530 (India Standard Time)
2025-08-31 21:11:13 [32minfo[39m: 🚀 Server running on port 5000
2025-08-31 21:11:22 [32minfo[39m: ✅ Connected to PostgreSQL at Sun Aug 31 2025 21:11:22 GMT+0530 (India Standard Time)
2025-08-31 21:11:22 [32minfo[39m: 🚀 Server running on port 5000
2025-08-31 21:11:29 [32minfo[39m: ✅ Connected to PostgreSQL at Sun Aug 31 2025 21:11:29 GMT+0530 (India Standard Time)
2025-08-31 21:11:29 [32minfo[39m: 🚀 Server running on port 5000
2025-08-31 21:11:32 [32minfo[39m: ✅ Connected to PostgreSQL at Sun Aug 31 2025 21:11:32 GMT+0530 (India Standard Time)
2025-08-31 21:11:32 [32minfo[39m: 🚀 Server running on port 5000
2025-08-31 21:11:48 [32minfo[39m: ✅ Connected to PostgreSQL at Sun Aug 31 2025 21:11:48 GMT+0530 (India Standard Time)
2025-08-31 21:11:48 [32minfo[39m: 🚀 Server running on port 5000
2025-08-31 21:11:49 [32minfo[39m: ✅ Connected to PostgreSQL at Sun Aug 31 2025 21:11:49 GMT+0530 (India Standard Time)
2025-08-31 21:11:49 [32minfo[39m: 🚀 Server running on port 5000
2025-08-31 21:12:08 [32minfo[39m: ✅ Connected to PostgreSQL at Sun Aug 31 2025 21:12:08 GMT+0530 (India Standard Time)
2025-08-31 21:12:08 [32minfo[39m: 🚀 Server running on port 5000
2025-08-31 21:12:11 [32minfo[39m: ✅ Connected to PostgreSQL at Sun Aug 31 2025 21:12:11 GMT+0530 (India Standard Time)
2025-08-31 21:12:11 [32minfo[39m: 🚀 Server running on port 5000
2025-08-31 21:14:42 [32minfo[39m: Admin contact email sent: <1d278c3b-a4cd-6f3f-cb6a-8f09130dafe4@gmail.com>
2025-08-31 21:14:44 [31merror[39m: Error sending user confirmation email No recipients defined
2025-08-31 21:14:44 [31merror[39m: POST /api/contactUs/submit-contact-form - No recipients defined
2025-08-31 21:14:44 [32minfo[39m: POST /api/contactUs/submit-contact-form 500 - 5908.91ms - IP: ::1
2025-08-31 21:17:46 [32minfo[39m: ✅ Connected to PostgreSQL at Sun Aug 31 2025 21:17:46 GMT+0530 (India Standard Time)
2025-08-31 21:17:46 [32minfo[39m: 🚀 Server running on port 5000
2025-08-31 21:17:50 [32minfo[39m: ✅ Connected to PostgreSQL at Sun Aug 31 2025 21:17:50 GMT+0530 (India Standard Time)
2025-08-31 21:17:50 [32minfo[39m: 🚀 Server running on port 5000
2025-08-31 21:17:54 [32minfo[39m: ✅ Connected to PostgreSQL at Sun Aug 31 2025 21:17:54 GMT+0530 (India Standard Time)
2025-08-31 21:17:54 [32minfo[39m: 🚀 Server running on port 5000
2025-08-31 21:18:10 [32minfo[39m: Admin contact email sent: <b90e5611-8dfa-2838-5af2-24ebd40f2840@gmail.com>
2025-08-31 21:18:13 [32minfo[39m: User confirmation email sent: <6859aa33-d850-cfef-fb9f-605c966b611f@gmail.com>
2025-08-31 21:18:13 [32minfo[39m: Contact form submitted successfully
2025-08-31 21:18:13 [32minfo[39m: POST /api/contactUs/submit-contact-form 200 - 6936.36ms - IP: ::1
2025-08-31 21:23:09 [32minfo[39m: ✅ Connected to PostgreSQL at Sun Aug 31 2025 21:23:09 GMT+0530 (India Standard Time)
2025-08-31 21:23:09 [32minfo[39m: 🚀 Server running on port 5000
2025-08-31 21:23:12 [32minfo[39m: ✅ Connected to PostgreSQL at Sun Aug 31 2025 21:23:12 GMT+0530 (India Standard Time)
2025-08-31 21:23:12 [32minfo[39m: 🚀 Server running on port 5000
2025-08-31 21:23:24 [32minfo[39m: ✅ Connected to PostgreSQL at Sun Aug 31 2025 21:23:24 GMT+0530 (India Standard Time)
2025-08-31 21:23:24 [32minfo[39m: 🚀 Server running on port 5000
2025-08-31 21:23:27 [32minfo[39m: ✅ Connected to PostgreSQL at Sun Aug 31 2025 21:23:27 GMT+0530 (India Standard Time)
2025-08-31 21:23:27 [32minfo[39m: 🚀 Server running on port 5000
2025-08-31 21:23:30 [32minfo[39m: ✅ Connected to PostgreSQL at Sun Aug 31 2025 21:23:30 GMT+0530 (India Standard Time)
2025-08-31 21:23:30 [32minfo[39m: 🚀 Server running on port 5000
2025-08-31 21:23:41 [32minfo[39m: Admin contact email sent: <e4d5bc3f-441c-8155-566c-2bb7f4f4a805@gmail.com>
2025-08-31 21:23:44 [32minfo[39m: User confirmation email sent: <74836eb4-70e6-5ddc-e1cc-343c35f0cacc@gmail.com>
2025-08-31 21:23:44 [32minfo[39m: Contact form submitted successfully
2025-08-31 21:23:44 [32minfo[39m: POST /api/contactUs/submit-contact-form 200 - 6665.49ms - IP: ::1
2025-08-31 21:27:40 [32minfo[39m: ✅ Connected to PostgreSQL at Sun Aug 31 2025 21:27:40 GMT+0530 (India Standard Time)
2025-08-31 21:27:40 [32minfo[39m: 🚀 Server running on port 5000
2025-08-31 21:28:02 [32minfo[39m: ✅ Connected to PostgreSQL at Sun Aug 31 2025 21:28:02 GMT+0530 (India Standard Time)
2025-08-31 21:28:02 [32minfo[39m: 🚀 Server running on port 5000
2025-08-31 21:28:10 [32minfo[39m: ✅ Connected to PostgreSQL at Sun Aug 31 2025 21:28:10 GMT+0530 (India Standard Time)
2025-08-31 21:28:10 [32minfo[39m: 🚀 Server running on port 5000
2025-08-31 21:28:12 [32minfo[39m: ✅ Connected to PostgreSQL at Sun Aug 31 2025 21:28:12 GMT+0530 (India Standard Time)
2025-08-31 21:28:12 [32minfo[39m: 🚀 Server running on port 5000
2025-08-31 21:28:13 [32minfo[39m: ✅ Connected to PostgreSQL at Sun Aug 31 2025 21:28:13 GMT+0530 (India Standard Time)
2025-08-31 21:28:13 [32minfo[39m: 🚀 Server running on port 5000
2025-08-31 21:28:36 [32minfo[39m: ✅ Connected to PostgreSQL at Sun Aug 31 2025 21:28:36 GMT+0530 (India Standard Time)
2025-08-31 21:28:36 [32minfo[39m: 🚀 Server running on port 5000
2025-08-31 21:30:53 [32minfo[39m: ✅ Connected to PostgreSQL at Sun Aug 31 2025 21:30:53 GMT+0530 (India Standard Time)
2025-08-31 21:30:53 [32minfo[39m: 🚀 Server running on port 5000
2025-08-31 21:30:57 [32minfo[39m: ✅ Connected to PostgreSQL at Sun Aug 31 2025 21:30:57 GMT+0530 (India Standard Time)
2025-08-31 21:30:57 [32minfo[39m: 🚀 Server running on port 5000
2025-08-31 21:31:16 [32minfo[39m: ✅ Connected to PostgreSQL at Sun Aug 31 2025 21:31:16 GMT+0530 (India Standard Time)
2025-08-31 21:31:16 [32minfo[39m: 🚀 Server running on port 5000
2025-08-31 21:31:28 [32minfo[39m: ✅ Connected to PostgreSQL at Sun Aug 31 2025 21:31:28 GMT+0530 (India Standard Time)
2025-08-31 21:31:28 [32minfo[39m: 🚀 Server running on port 5000
2025-08-31 21:43:28 [32minfo[39m: POST /api/contactUs/submit-contact-form 400 - 13.54ms - IP: ::1
2025-08-31 23:32:14 [32minfo[39m: Admin contact email sent: <20e1d7b1-9fbe-b6db-ebe9-51fb2cd9648d@gmail.com>
2025-08-31 23:32:18 [32minfo[39m: User confirmation email sent: <724f61fd-f0e8-ccaf-8974-6405db5eca33@gmail.com>
2025-08-31 23:32:18 [32minfo[39m: Contact form submitted successfully
2025-08-31 23:32:18 [32minfo[39m: POST /api/contactUs/submit-contact-form 200 - 7070.62ms - IP: ::1
2025-08-31 23:42:11 [32minfo[39m: Admin contact email sent: <5450aec9-1011-54c8-60d3-e4c042f268d6@gmail.com>
2025-08-31 23:42:14 [32minfo[39m: User confirmation email sent: <ac660fa6-caf7-ff61-a8b9-96c0de94f476@gmail.com>
2025-08-31 23:42:14 [32minfo[39m: Contact form submitted successfully
2025-08-31 23:42:14 [32minfo[39m: POST /api/contactUs/submit-contact-form 200 - 6617.27ms - IP: ::1
2025-08-31 23:48:15 [32minfo[39m: Admin contact email sent: <28132d0d-bc80-3562-654c-0b4393912c4a@gmail.com>
2025-08-31 23:48:18 [32minfo[39m: User confirmation email sent: <a034a8f4-c04d-8044-9a19-c8d4096d96f2@gmail.com>
2025-08-31 23:48:18 [32minfo[39m: Contact form submitted successfully
2025-08-31 23:48:18 [32minfo[39m: POST /api/contactUs/submit-contact-form 200 - 6141.86ms - IP: ::1
2025-08-31 23:49:57 [32minfo[39m: Admin contact email sent: <f3ce3a81-5503-2ace-12b9-afdd8ca12c44@gmail.com>
2025-08-31 23:50:00 [32minfo[39m: User confirmation email sent: <53529926-658c-f30a-1829-603adcb8f51e@gmail.com>
2025-08-31 23:50:00 [32minfo[39m: Contact form submitted successfully
2025-08-31 23:50:00 [32minfo[39m: POST /api/contactUs/submit-contact-form 200 - 6088.62ms - IP: ::1
2025-08-31 23:51:49 [32minfo[39m: Admin contact email sent: <fe25ddca-203d-37f4-610d-c3886d143dd2@gmail.com>
2025-08-31 23:51:53 [32minfo[39m: User confirmation email sent: <3ced2927-dea0-c5a0-84b6-4afdd3ab1fcb@gmail.com>
2025-08-31 23:51:53 [32minfo[39m: Contact form submitted successfully
2025-08-31 23:51:53 [32minfo[39m: POST /api/contactUs/submit-contact-form 200 - 6741.55ms - IP: ::1
2025-08-31 23:52:08 [32minfo[39m: Admin contact email sent: <af96cf8a-f688-7348-0a8b-030b9f967e5f@gmail.com>
2025-08-31 23:52:11 [32minfo[39m: User confirmation email sent: <caeaea41-b2ff-bb4c-f7ae-1db58d63b7b8@gmail.com>
2025-08-31 23:52:11 [32minfo[39m: Contact form submitted successfully
2025-08-31 23:52:11 [32minfo[39m: POST /api/contactUs/submit-contact-form 200 - 6176.56ms - IP: ::1
2025-08-31 23:54:06 [32minfo[39m: Admin contact email sent: <108ea0a4-d092-ed27-e498-d647f78a7866@gmail.com>
2025-08-31 23:54:09 [32minfo[39m: User confirmation email sent: <16218039-0d72-c3e4-4c7a-266c807b0812@gmail.com>
2025-08-31 23:54:09 [32minfo[39m: Contact form submitted successfully
2025-08-31 23:54:09 [32minfo[39m: POST /api/contactUs/submit-contact-form 200 - 5928.08ms - IP: ::1
2025-08-31 23:54:53 [32minfo[39m: Admin contact email sent: <b47bdee0-df24-0df3-e764-3337e9a1f88c@gmail.com>
2025-08-31 23:54:56 [32minfo[39m: User confirmation email sent: <44a3866a-28f3-3f37-d56c-d573c8d1c381@gmail.com>
2025-08-31 23:54:56 [32minfo[39m: Contact form submitted successfully
2025-08-31 23:54:56 [32minfo[39m: POST /api/contactUs/submit-contact-form 200 - 6652.83ms - IP: ::1
